[2021-06-25 17:39:54] production.DEBUG: select * from information_schema.tables where table_schema = ? and table_name = ? and table_type = 'BASE TABLE' {"params":["forge","migrations"],"time":96.73} 
[2021-06-25 17:39:54] production.DEBUG: create table `migrations` (`id` int unsigned not null auto_increment primary key, `migration` varchar(255) not null, `batch` int not null) default character set utf8 collate 'utf8_unicode_ci' engine = InnoDB {"params":[],"time":193.58} 
[2021-06-25 17:39:54] production.DEBUG: select * from information_schema.tables where table_schema = ? and table_name = ? and table_type = 'BASE TABLE' {"params":["forge","migrations"],"time":7.44} 
[2021-06-25 17:39:54] production.DEBUG: select `migration` from `migrations` order by `batch` asc, `migration` asc {"params":[],"time":1.03} 
[2021-06-25 17:39:54] production.DEBUG: select `migration` from `migrations` order by `batch` asc, `migration` asc {"params":[],"time":0.52} 
[2021-06-25 17:39:55] production.DEBUG: select max(`batch`) as aggregate from `migrations` {"params":[],"time":0.54} 
[2021-06-25 17:39:55] production.DEBUG: create table `users` (`id` bigint unsigned not null auto_increment primary key, `referrer_id` bigint unsigned null, `name` varchar(100) not null, `email` varchar(255) not null, `role` tinyint unsigned not null, `status` tinyint unsigned not null, `avatar` varchar(100) null, `password` varchar(255) not null, `remember_token` varchar(100) null, `totp_secret` varchar(300) null, `last_login_from` varchar(45) null, `last_login_at` datetime null, `email_verified_at` timestamp null, `created_at` timestamp null, `updated_at` timestamp null) default character set utf8 collate 'utf8_unicode_ci' engine = InnoDB {"params":[],"time":382.29} 
[2021-06-25 17:39:56] production.DEBUG: alter table `users` add index `users_role_index`(`role`) {"params":[],"time":599.04} 
[2021-06-25 17:39:56] production.DEBUG: alter table `users` add index `users_status_index`(`status`) {"params":[],"time":218.49} 
[2021-06-25 17:39:58] production.DEBUG: alter table `users` add constraint `users_referrer_id_foreign` foreign key (`referrer_id`) references `users` (`id`) on delete cascade on update cascade {"params":[],"time":1786.79} 
[2021-06-25 17:39:58] production.DEBUG: alter table `users` add unique `users_name_unique`(`name`) {"params":[],"time":297.18} 
[2021-06-25 17:39:59] production.DEBUG: alter table `users` add unique `users_email_unique`(`email`) {"params":[],"time":565.52} 
[2021-06-25 17:39:59] production.DEBUG: insert into `migrations` (`migration`, `batch`) values (?, ?) {"params":["2014_10_12_000000_create_users_table",1],"time":116.57} 
[2021-06-25 17:39:59] production.DEBUG: create table `password_resets` (`email` varchar(255) not null, `token` varchar(255) not null, `created_at` timestamp null) default character set utf8 collate 'utf8_unicode_ci' engine = InnoDB {"params":[],"time":297.44} 
[2021-06-25 17:39:59] production.DEBUG: alter table `password_resets` add index `password_resets_email_index`(`email`) {"params":[],"time":433.91} 
[2021-06-25 17:39:59] production.DEBUG: insert into `migrations` (`migration`, `batch`) values (?, ?) {"params":["2014_10_12_100000_create_password_resets_table",1],"time":123.93} 
[2021-06-25 17:40:00] production.DEBUG: create table `social_profiles` (`id` bigint unsigned not null auto_increment primary key, `user_id` bigint unsigned not null, `provider_name` varchar(50) not null, `provider_user_id` varchar(255) not null, `created_at` timestamp null, `updated_at` timestamp null) default character set utf8 collate 'utf8_unicode_ci' engine = InnoDB {"params":[],"time":404.19} 
[2021-06-25 17:40:01] production.DEBUG: alter table `social_profiles` add constraint `social_profiles_user_id_foreign` foreign key (`user_id`) references `users` (`id`) on delete cascade on update cascade {"params":[],"time":1482.78} 
[2021-06-25 17:40:02] production.DEBUG: alter table `social_profiles` add unique `social_profiles_provider_name_provider_user_id_unique`(`provider_name`, `provider_user_id`) {"params":[],"time":507.19} 
[2021-06-25 17:40:02] production.DEBUG: insert into `migrations` (`migration`, `batch`) values (?, ?) {"params":["2019_10_03_100000_create_social_profiles_table",1],"time":113.39} 
[2021-06-25 17:40:02] production.DEBUG: create table `accounts` (`id` bigint unsigned not null auto_increment primary key, `user_id` bigint unsigned not null, `balance` decimal(20, 2) not null default '0', `created_at` timestamp null, `updated_at` timestamp null) default character set utf8 collate 'utf8_unicode_ci' engine = InnoDB {"params":[],"time":278.08} 
[2021-06-25 17:40:04] production.DEBUG: alter table `accounts` add constraint `accounts_user_id_foreign` foreign key (`user_id`) references `users` (`id`) on delete cascade on update cascade {"params":[],"time":1548.31} 
[2021-06-25 17:40:04] production.DEBUG: insert into `migrations` (`migration`, `batch`) values (?, ?) {"params":["2019_11_01_000000_create_accounts_table",1],"time":41.41} 
[2021-06-25 17:40:04] production.DEBUG: create table `account_transactions` (`id` bigint unsigned not null auto_increment primary key, `account_id` bigint unsigned not null, `amount` decimal(20, 2) not null, `balance` decimal(20, 2) not null, `transactionable_type` varchar(255) not null, `transactionable_id` bigint unsigned not null, `created_at` timestamp null, `updated_at` timestamp null) default character set utf8 collate 'utf8_unicode_ci' engine = InnoDB {"params":[],"time":224.01} 
[2021-06-25 17:40:05] production.DEBUG: alter table `account_transactions` add index `account_transactions_morph`(`transactionable_type`, `transactionable_id`) {"params":[],"time":468.08} 
[2021-06-25 17:40:06] production.DEBUG: alter table `account_transactions` add constraint `account_transactions_account_id_foreign` foreign key (`account_id`) references `accounts` (`id`) on delete cascade on update cascade {"params":[],"time":1514.15} 
[2021-06-25 17:40:06] production.DEBUG: insert into `migrations` (`migration`, `batch`) values (?, ?) {"params":["2019_11_01_000001_create_account_transactions_table",1],"time":41.36} 
[2021-06-25 17:40:06] production.DEBUG: create table `generic_account_transactions` (`id` bigint unsigned not null auto_increment primary key, `account_id` bigint unsigned not null, `type` mediumint unsigned not null, `amount` decimal(20, 2) not null, `created_at` timestamp null, `updated_at` timestamp null) default character set utf8 collate 'utf8_unicode_ci' engine = InnoDB {"params":[],"time":257.35} 
[2021-06-25 17:40:07] production.DEBUG: alter table `generic_account_transactions` add index `generic_account_transactions_type_index`(`type`) {"params":[],"time":433.46} 
[2021-06-25 17:40:10] production.DEBUG: alter table `generic_account_transactions` add constraint `generic_account_transactions_account_id_foreign` foreign key (`account_id`) references `accounts` (`id`) on delete cascade on update cascade {"params":[],"time":3173.6} 
[2021-06-25 17:40:10] production.DEBUG: insert into `migrations` (`migration`, `batch`) values (?, ?) {"params":["2019_11_01_000002_create_generic_account_transactions_table",1],"time":283.11} 
[2021-06-25 17:40:11] production.DEBUG: create table `provably_fair_games` (`id` bigint unsigned not null auto_increment primary key, `secret` varchar(500) not null, `server_seed` varchar(32) not null, `hash` varchar(64) not null, `client_seed` varchar(32) not null, `gameable_type` varchar(255) not null, `created_at` timestamp null, `updated_at` timestamp null) default character set utf8 collate 'utf8_unicode_ci' engine = InnoDB {"params":[],"time":588.23} 
[2021-06-25 17:40:12] production.DEBUG: alter table `provably_fair_games` add unique `provably_fair_games_hash_gameable_type_unique`(`hash`, `gameable_type`) {"params":[],"time":750.4} 
[2021-06-25 17:40:12] production.DEBUG: alter table `provably_fair_games` add index `provably_fair_games_created_at_index`(`created_at`) {"params":[],"time":341.68} 
[2021-06-25 17:40:12] production.DEBUG: insert into `migrations` (`migration`, `batch`) values (?, ?) {"params":["2019_11_02_000000_create_provably_fair_games_table",1],"time":39.63} 
[2021-06-25 17:40:12] production.DEBUG: create table `games` (`id` bigint unsigned not null auto_increment primary key, `account_id` bigint unsigned not null, `provably_fair_game_id` bigint unsigned not null, `gameable_type` varchar(255) not null, `gameable_id` bigint unsigned not null, `bet` decimal(16, 2) not null, `win` decimal(16, 2) not null, `status` tinyint not null, `created_at` timestamp null, `updated_at` timestamp null) default character set utf8 collate 'utf8_unicode_ci' engine = InnoDB {"params":[],"time":332.21} 
[2021-06-25 17:40:13] production.DEBUG: alter table `games` add index `game_morph`(`gameable_type`, `gameable_id`) {"params":[],"time":550.46} 
[2021-06-25 17:40:13] production.DEBUG: alter table `games` add index `games_status_index`(`status`) {"params":[],"time":292.5} 
[2021-06-25 17:40:14] production.DEBUG: alter table `games` add index `games_win_index`(`win`) {"params":[],"time":397.88} 
[2021-06-25 17:40:14] production.DEBUG: alter table `games` add index `games_created_at_index`(`created_at`) {"params":[],"time":854.5} 
[2021-06-25 17:40:16] production.DEBUG: alter table `games` add constraint `games_account_id_foreign` foreign key (`account_id`) references `accounts` (`id`) on delete cascade on update cascade {"params":[],"time":1419.16} 
[2021-06-25 17:40:18] production.DEBUG: alter table `games` add constraint `games_provably_fair_game_id_foreign` foreign key (`provably_fair_game_id`) references `provably_fair_games` (`id`) on delete cascade on update cascade {"params":[],"time":2299.96} 
[2021-06-25 17:40:18] production.DEBUG: insert into `migrations` (`migration`, `batch`) values (?, ?) {"params":["2019_11_02_000001_create_games_table",1],"time":41.61} 
[2021-06-25 17:40:18] production.DEBUG: create table `games_baccarat` (`id` bigint unsigned not null auto_increment primary key, `deck` varchar(280) not null, `bet_type` tinyint unsigned not null, `player_hand` varchar(30) not null, `player_score` tinyint unsigned not null, `banker_hand` varchar(30) not null, `banker_score` tinyint unsigned not null, `created_at` timestamp null, `updated_at` timestamp null) default character set utf8 collate 'utf8_unicode_ci' engine = InnoDB {"params":[],"time":290.18} 
[2021-06-25 17:40:19] production.DEBUG: insert into `migrations` (`migration`, `batch`) values (?, ?) {"params":["2019_11_03_000000_create_games_baccarat_table",1],"time":41.29} 
[2021-06-25 17:40:19] production.DEBUG: create table `bonuses` (`id` bigint unsigned not null auto_increment primary key, `account_id` bigint unsigned not null, `type` tinyint unsigned not null, `amount` decimal(20, 2) not null, `created_at` timestamp null, `updated_at` timestamp null) default character set utf8 collate 'utf8_unicode_ci' engine = InnoDB {"params":[],"time":280.95} 
[2021-06-25 17:40:21] production.DEBUG: alter table `bonuses` add constraint `bonuses_account_id_foreign` foreign key (`account_id`) references `accounts` (`id`) on delete cascade on update cascade {"params":[],"time":1791.27} 
[2021-06-25 17:40:21] production.DEBUG: insert into `migrations` (`migration`, `batch`) values (?, ?) {"params":["2019_12_01_000000_create_bonuses_table",1],"time":99.73} 
[2021-06-25 17:40:21] production.DEBUG: create table `affiliate_commissions` (`id` bigint unsigned not null auto_increment primary key, `account_id` bigint unsigned not null, `referral_account_id` bigint unsigned not null, `tier` tinyint unsigned not null, `type` tinyint unsigned not null, `status` tinyint unsigned not null, `amount` decimal(20, 2) not null, `commissionable_type` varchar(255) not null, `commissionable_id` bigint unsigned not null, `ip` varchar(45) not null, `created_at` timestamp null, `updated_at` timestamp null) default character set utf8 collate 'utf8_unicode_ci' engine = InnoDB {"params":[],"time":571.49} 
[2021-06-25 17:40:22] production.DEBUG: alter table `affiliate_commissions` add index `affiliate_commission_morph`(`commissionable_type`, `commissionable_id`) {"params":[],"time":895.71} 
[2021-06-25 17:40:24] production.DEBUG: alter table `affiliate_commissions` add constraint `affiliate_commissions_account_id_foreign` foreign key (`account_id`) references `accounts` (`id`) on delete cascade on update cascade {"params":[],"time":2077.56} 
[2021-06-25 17:40:27] production.DEBUG: alter table `affiliate_commissions` add constraint `affiliate_commissions_referral_account_id_foreign` foreign key (`referral_account_id`) references `accounts` (`id`) on delete cascade on update cascade {"params":[],"time":2249.63} 
[2021-06-25 17:40:27] production.DEBUG: insert into `migrations` (`migration`, `batch`) values (?, ?) {"params":["2020_01_01_000000_create_affiliate_commissions_table",1],"time":49.83} 
[2021-06-25 17:40:27] production.DEBUG: create table `chat_rooms` (`id` bigint unsigned not null auto_increment primary key, `name` varchar(50) not null, `enabled` tinyint(1) not null default '1', `created_at` timestamp null, `updated_at` timestamp null) default character set utf8 collate 'utf8_unicode_ci' engine = InnoDB {"params":[],"time":273.27} 
[2021-06-25 17:40:27] production.DEBUG: alter table `chat_rooms` add index `chat_rooms_enabled_index`(`enabled`) {"params":[],"time":378.15} 
[2021-06-25 17:40:27] production.DEBUG: insert into `migrations` (`migration`, `batch`) values (?, ?) {"params":["2020_01_20_000000_create_chat_rooms_table",1],"time":37.64} 
[2021-06-25 17:40:28] production.DEBUG: create table `chat_messages` (`id` bigint unsigned not null auto_increment primary key, `room_id` bigint unsigned not null, `user_id` bigint unsigned not null, `message` text not null, `created_at` timestamp null, `updated_at` timestamp null) default character set utf8 collate 'utf8_unicode_ci' engine = InnoDB {"params":[],"time":757.39} 
[2021-06-25 17:40:30] production.DEBUG: alter table `chat_messages` add constraint `chat_messages_room_id_foreign` foreign key (`room_id`) references `chat_rooms` (`id`) on delete cascade on update cascade {"params":[],"time":2450.47} 
[2021-06-25 17:40:32] production.DEBUG: alter table `chat_messages` add constraint `chat_messages_user_id_foreign` foreign key (`user_id`) references `users` (`id`) on delete cascade on update cascade {"params":[],"time":2004.9} 
[2021-06-25 17:40:33] production.DEBUG: insert into `migrations` (`migration`, `batch`) values (?, ?) {"params":["2020_01_20_000010_create_chat_messages_table",1],"time":192.85} 
[2021-06-25 17:40:33] production.DEBUG: create table `chat_message_recipients` (`id` bigint unsigned not null auto_increment primary key, `message_id` bigint unsigned not null, `user_id` bigint unsigned not null, `created_at` timestamp null, `updated_at` timestamp null) default character set utf8 collate 'utf8_unicode_ci' engine = InnoDB {"params":[],"time":480.05} 
[2021-06-25 17:40:35] production.DEBUG: alter table `chat_message_recipients` add constraint `chat_message_recipients_message_id_foreign` foreign key (`message_id`) references `chat_messages` (`id`) on delete cascade on update cascade {"params":[],"time":1565.41} 
[2021-06-25 17:40:36] production.DEBUG: alter table `chat_message_recipients` add constraint `chat_message_recipients_user_id_foreign` foreign key (`user_id`) references `users` (`id`) on delete cascade on update cascade {"params":[],"time":1658.48} 
[2021-06-25 17:40:37] production.DEBUG: alter table `chat_message_recipients` add unique `chat_message_recipients_message_id_user_id_unique`(`message_id`, `user_id`) {"params":[],"time":544.1} 
[2021-06-25 17:40:37] production.DEBUG: insert into `migrations` (`migration`, `batch`) values (?, ?) {"params":["2020_01_20_000020_create_chat_message_recipients",1],"time":63.26} 
[2021-06-25 17:40:37] production.DEBUG: alter table `users` add `banned_from_chat` tinyint(1) not null default '0' after `status` {"params":[],"time":192.9} 
[2021-06-25 17:40:37] production.DEBUG: insert into `migrations` (`migration`, `batch`) values (?, ?) {"params":["2020_01_22_063133_alter_users_table_add_banned_from_chat",1],"time":37.29} 
[2021-06-25 17:40:37] production.DEBUG: create table `game_rooms` (`id` bigint unsigned not null auto_increment primary key, `user_id` bigint unsigned not null, `name` varchar(50) not null, `gameable_type` varchar(255) not null, `status` tinyint unsigned not null, `parameters` text not null, `created_at` timestamp null, `updated_at` timestamp null) default character set utf8 collate 'utf8_unicode_ci' engine = InnoDB {"params":[],"time":191.82} 
[2021-06-25 17:40:39] production.DEBUG: alter table `game_rooms` add constraint `game_rooms_user_id_foreign` foreign key (`user_id`) references `users` (`id`) on delete cascade on update cascade {"params":[],"time":1491.08} 
[2021-06-25 17:40:40] production.DEBUG: alter table `game_rooms` add index `game_rooms_gameable_type_status_index`(`gameable_type`, `status`) {"params":[],"time":679.86} 
[2021-06-25 17:40:40] production.DEBUG: insert into `migrations` (`migration`, `batch`) values (?, ?) {"params":["2020_04_20_000001_create_game_rooms_table",1],"time":45.08} 
[2021-06-25 17:40:40] production.DEBUG: create table `game_room_players` (`id` bigint unsigned not null auto_increment primary key, `game_room_id` bigint unsigned not null, `user_id` bigint unsigned not null, `game_id` bigint unsigned null, `created_at` timestamp null, `updated_at` timestamp null) default character set utf8 collate 'utf8_unicode_ci' engine = InnoDB {"params":[],"time":232.36} 
[2021-06-25 17:40:42] production.DEBUG: alter table `game_room_players` add constraint `game_room_players_game_room_id_foreign` foreign key (`game_room_id`) references `game_rooms` (`id`) on delete cascade on update cascade {"params":[],"time":2124.63} 
[2021-06-25 17:40:43] production.DEBUG: alter table `game_room_players` add constraint `game_room_players_user_id_foreign` foreign key (`user_id`) references `users` (`id`) on delete cascade on update cascade {"params":[],"time":1090.13} 
[2021-06-25 17:40:45] production.DEBUG: alter table `game_room_players` add constraint `game_room_players_game_id_foreign` foreign key (`game_id`) references `games` (`id`) on delete cascade on update cascade {"params":[],"time":1449.66} 
[2021-06-25 17:40:45] production.DEBUG: alter table `game_room_players` add unique `game_room_players_game_room_id_user_id_unique`(`game_room_id`, `user_id`) {"params":[],"time":426.67} 
[2021-06-25 17:40:45] production.DEBUG: insert into `migrations` (`migration`, `batch`) values (?, ?) {"params":["2020_04_20_000010_create_game_room_players_table",1],"time":39.78} 
[2021-06-25 17:40:45] production.DEBUG: alter table `users` add `hide_profit` tinyint(1) not null default '0' after `status` {"params":[],"time":100.77} 
[2021-06-25 17:40:45] production.DEBUG: insert into `migrations` (`migration`, `batch`) values (?, ?) {"params":["2020_06_24_064200_alter_users_table_add_hide_profit",1],"time":71.63} 
[2021-06-25 17:40:45] production.DEBUG: alter table `users` add `last_seen_at` timestamp null {"params":[],"time":227.07} 
[2021-06-25 17:40:46] production.DEBUG: alter table `users` add index `users_last_seen_at_index`(`last_seen_at`) {"params":[],"time":543.28} 
[2021-06-25 17:40:46] production.DEBUG: insert into `migrations` (`migration`, `batch`) values (?, ?) {"params":["2021_02_16_122027_alter_users_table_add_last_seen_at",1],"time":52.82} 
[2021-06-25 17:40:46] production.DEBUG: alter table `users` add `permissions` text null after `avatar` {"params":[],"time":164.71} 
[2021-06-25 17:40:46] production.DEBUG: insert into `migrations` (`migration`, `batch`) values (?, ?) {"params":["2021_03_24_135447_alter_users_table_add_permissions",1],"time":79.45} 
[2021-06-25 17:40:47] production.DEBUG: create table `multiplayer_games` (`id` bigint unsigned not null auto_increment primary key, `provably_fair_game_id` bigint unsigned not null, `gameable_type` varchar(255) not null, `gameable_id` bigint unsigned not null, `start_time` datetime not null, `end_time` datetime not null, `created_at` timestamp null, `updated_at` timestamp null) default character set utf8 collate 'utf8_unicode_ci' engine = InnoDB {"params":[],"time":616.34} 
[2021-06-25 17:40:50] production.DEBUG: alter table `multiplayer_games` add constraint `multiplayer_games_provably_fair_game_id_foreign` foreign key (`provably_fair_game_id`) references `provably_fair_games` (`id`) on delete cascade on update cascade {"params":[],"time":2740.03} 
[2021-06-25 17:40:50] production.DEBUG: alter table `multiplayer_games` add index `multiplayer_games_gameable_type_gameable_id_index`(`gameable_type`, `gameable_id`) {"params":[],"time":385.5} 
[2021-06-25 17:40:50] production.DEBUG: alter table `multiplayer_games` add index `multiplayer_games_end_time_index`(`end_time`) {"params":[],"time":348.22} 
[2021-06-25 17:40:51] production.DEBUG: insert into `migrations` (`migration`, `batch`) values (?, ?) {"params":["2021_04_20_000000_create_multiplayer_games_table",1],"time":181.85} 
[2021-06-25 17:41:49] production.DEBUG: select count(*) as aggregate from `games` where `games`.`status` = ? {"params":[1],"time":36.11} 
[2021-06-25 17:41:49] production.DEBUG: select * from `games` where `games`.`status` = ? and `games`.`win` > ? order by `id` desc limit 1 {"params":[1,"games.bet"],"time":121.75} 
[2021-06-25 17:43:54] production.DEBUG: select count(*) as aggregate from `users` where `name` = ? {"params":["Marya Ushakova"],"time":19.69} 
[2021-06-25 17:43:54] production.DEBUG: select count(*) as aggregate from `users` where `email` = ? {"params":["qa.webdeveloperteam20210325@gmail.com"],"time":0.85} 
[2021-06-25 17:43:54] production.INFO: New user "Marya Ushakova" with email "qa.webdeveloperteam20210325@gmail.com"  
[2021-06-25 17:43:55] production.DEBUG: insert into `users` (`referrer_id`, `name`, `email`, `role`, `password`, `status`, `email_verified_at`, `last_login_at`, `last_login_from`, `updated_at`, `created_at`) values (?, ?, ?, ?, ?, ?, ?, ?, ?, ?, ?) {"params":[null,"Marya Ushakova","qa.webdeveloperteam20210325@gmail.com",1,"$2y$10$bHhkiQJ6TZQ7Tlhsxd7hNuSF4N5JHc2nB.8SdYfsBPOHjWY4zVmhy",0,null,"2021-06-25 17:43:55","127.0.0.1","2021-06-25 17:43:55","2021-06-25 17:43:55"],"time":93.82} 
[2021-06-25 17:43:55] production.DEBUG: insert into `accounts` (`user_id`, `updated_at`, `created_at`) values (?, ?, ?) {"params":[1,"2021-06-25 17:43:55","2021-06-25 17:43:55"],"time":175.57} 
[2021-06-25 17:43:55] production.DEBUG: select * from `accounts` where `accounts`.`user_id` = ? and `accounts`.`user_id` is not null limit 1 {"params":[1],"time":0.52} 
[2021-06-25 17:43:55] production.DEBUG: select * from `users` where `users`.`id` = ? limit 1 {"params":[1],"time":0.55} 
[2021-06-25 17:43:55] production.DEBUG: insert into `bonuses` (`account_id`, `type`, `amount`, `updated_at`, `created_at`) values (?, ?, ?, ?, ?) {"params":[1,1,1000.0,"2021-06-25 17:43:55","2021-06-25 17:43:55"],"time":83.68} 
[2021-06-25 17:43:55] production.DEBUG: update `accounts` set `balance` = `balance` + 1000, `accounts`.`updated_at` = ? where `id` = ? {"params":["2021-06-25 17:43:55",1],"time":46.68} 
[2021-06-25 17:43:55] production.DEBUG: insert into `account_transactions` (`account_id`, `amount`, `balance`, `transactionable_id`, `transactionable_type`, `updated_at`, `created_at`) values (?, ?, ?, ?, ?, ?, ?) {"params":[1,1000.0,1000.0,1,"App\\Models\\Bonus","2021-06-25 17:43:55","2021-06-25 17:43:55"],"time":16.27} 
[2021-06-25 17:43:55] production.DEBUG: select * from `social_profiles` where `social_profiles`.`user_id` in (1) {"params":[],"time":15.23} 
[2021-06-25 17:43:55] production.ERROR: Session store not set on request. {"userId":1,"exception":"[object] (RuntimeException(code: 0): Session store not set on request. at E:\\my working files\\Laravel\\codecanyon-sYfiw0lg-stake-online-casino-gaming-platform-single-page-application\\vendor\\laravel\\framework\\src\\Illuminate\\Http\\Request.php:483)
[stacktrace]
#0 E:\\my working files\\Laravel\\codecanyon-sYfiw0lg-stake-online-casino-gaming-platform-single-page-application\\app\\Models\\User.php(247): Illuminate\\Http\\Request->session()
#1 E:\\my working files\\Laravel\\codecanyon-sYfiw0lg-stake-online-casino-gaming-platform-single-page-application\\vendor\\laravel\\framework\\src\\Illuminate\\Database\\Eloquent\\Concerns\\HasAttributes.php(494): App\\Models\\User->getTwoFactorAuthPassedAttribute(NULL)
#2 E:\\my working files\\Laravel\\codecanyon-sYfiw0lg-stake-online-casino-gaming-platform-single-page-application\\vendor\\laravel\\framework\\src\\Illuminate\\Database\\Eloquent\\Concerns\\HasAttributes.php(508): Illuminate\\Database\\Eloquent\\Model->mutateAttribute('two_factor_auth...', NULL)
#3 E:\\my working files\\Laravel\\codecanyon-sYfiw0lg-stake-online-casino-gaming-platform-single-page-application\\vendor\\laravel\\framework\\src\\Illuminate\\Database\\Eloquent\\Concerns\\HasAttributes.php(162): Illuminate\\Database\\Eloquent\\Model->mutateAttributeForArray('two_factor_auth...', NULL)
#4 E:\\my working files\\Laravel\\codecanyon-sYfiw0lg-stake-online-casino-gaming-platform-single-page-application\\vendor\\laravel\\framework\\src\\Illuminate\\Database\\Eloquent\\Model.php(1326): Illuminate\\Database\\Eloquent\\Model->attributesToArray()
#5 E:\\my working files\\Laravel\\codecanyon-sYfiw0lg-stake-online-casino-gaming-platform-single-page-application\\vendor\\laravel\\framework\\src\\Illuminate\\Database\\Eloquent\\Model.php(1355): Illuminate\\Database\\Eloquent\\Model->toArray()
#6 E:\\my working files\\Laravel\\codecanyon-sYfiw0lg-stake-online-casino-gaming-platform-single-page-application\\vendor\\laravel\\framework\\src\\Illuminate\\Database\\Eloquent\\Model.php(1339): Illuminate\\Database\\Eloquent\\Model->jsonSerialize()
#7 E:\\my working files\\Laravel\\codecanyon-sYfiw0lg-stake-online-casino-gaming-platform-single-page-application\\vendor\\laravel\\framework\\src\\Illuminate\\Http\\JsonResponse.php(65): Illuminate\\Database\\Eloquent\\Model->toJson(0)
#8 E:\\my working files\\Laravel\\codecanyon-sYfiw0lg-stake-online-casino-gaming-platform-single-page-application\\vendor\\symfony\\http-foundation\\JsonResponse.php(54): Illuminate\\Http\\JsonResponse->setData(Object(App\\Models\\User))
#9 E:\\my working files\\Laravel\\codecanyon-sYfiw0lg-stake-online-casino-gaming-platform-single-page-application\\vendor\\laravel\\framework\\src\\Illuminate\\Http\\JsonResponse.php(31): Symfony\\Component\\HttpFoundation\\JsonResponse->__construct(Object(App\\Models\\User), 201, Array)
#10 E:\\my working files\\Laravel\\codecanyon-sYfiw0lg-stake-online-casino-gaming-platform-single-page-application\\vendor\\laravel\\framework\\src\\Illuminate\\Routing\\Router.php(772): Illuminate\\Http\\JsonResponse->__construct(Object(App\\Models\\User), 201)
#11 E:\\my working files\\Laravel\\codecanyon-sYfiw0lg-stake-online-casino-gaming-platform-single-page-application\\vendor\\laravel\\framework\\src\\Illuminate\\Routing\\Router.php(753): Illuminate\\Routing\\Router::toResponse(Object(Illuminate\\Http\\Request), Object(App\\Models\\User))
#12 E:\\my working files\\Laravel\\codecanyon-sYfiw0lg-stake-online-casino-gaming-platform-single-page-application\\vendor\\laravel\\framework\\src\\Illuminate\\Routing\\Router.php(693): Illuminate\\Routing\\Router->prepareResponse(Object(Illuminate\\Http\\Request), Object(App\\Models\\User))
#13 E:\\my working files\\Laravel\\codecanyon-sYfiw0lg-stake-online-casino-gaming-platform-single-page-application\\vendor\\laravel\\framework\\src\\Illuminate\\Pipeline\\Pipeline.php(128): Illuminate\\Routing\\Router->Illuminate\\Routing\\{closure}(Object(Illuminate\\Http\\Request))
#14 E:\\my working files\\Laravel\\codecanyon-sYfiw0lg-stake-online-casino-gaming-platform-single-page-application\\app\\Http\\Middleware\\CheckForMaintenanceMode.php(38): Illuminate\\Pipeline\\Pipeline->Illuminate\\Pipeline\\{closure}(Object(Illuminate\\Http\\Request))
#15 E:\\my working files\\Laravel\\codecanyon-sYfiw0lg-stake-online-casino-gaming-platform-single-page-application\\vendor\\laravel\\framework\\src\\Illuminate\\Pipeline\\Pipeline.php(167): App\\Http\\Middleware\\CheckForMaintenanceMode->handle(Object(Illuminate\\Http\\Request), Object(Closure))
#16 E:\\my working files\\Laravel\\codecanyon-sYfiw0lg-stake-online-casino-gaming-platform-single-page-application\\app\\Http\\Middleware\\RedirectIfAuthenticated.php(24): Illuminate\\Pipeline\\Pipeline->Illuminate\\Pipeline\\{closure}(Object(Illuminate\\Http\\Request))
#17 E:\\my working files\\Laravel\\codecanyon-sYfiw0lg-stake-online-casino-gaming-platform-single-page-application\\vendor\\laravel\\framework\\src\\Illuminate\\Pipeline\\Pipeline.php(167): App\\Http\\Middleware\\RedirectIfAuthenticated->handle(Object(Illuminate\\Http\\Request), Object(Closure))
#18 E:\\my working files\\Laravel\\codecanyon-sYfiw0lg-stake-online-casino-gaming-platform-single-page-application\\vendor\\laravel\\framework\\src\\Illuminate\\Routing\\Middleware\\SubstituteBindings.php(50): Illuminate\\Pipeline\\Pipeline->Illuminate\\Pipeline\\{closure}(Object(Illuminate\\Http\\Request))
#19 E:\\my working files\\Laravel\\codecanyon-sYfiw0lg-stake-online-casino-gaming-platform-single-page-application\\vendor\\laravel\\framework\\src\\Illuminate\\Pipeline\\Pipeline.php(167): Illuminate\\Routing\\Middleware\\SubstituteBindings->handle(Object(Illuminate\\Http\\Request), Object(Closure))
#20 E:\\my working files\\Laravel\\codecanyon-sYfiw0lg-stake-online-casino-gaming-platform-single-page-application\\vendor\\laravel\\framework\\src\\Illuminate\\Routing\\Middleware\\ThrottleRequests.php(127): Illuminate\\Pipeline\\Pipeline->Illuminate\\Pipeline\\{closure}(Object(Illuminate\\Http\\Request))
#21 E:\\my working files\\Laravel\\codecanyon-sYfiw0lg-stake-online-casino-gaming-platform-single-page-application\\vendor\\laravel\\framework\\src\\Illuminate\\Routing\\Middleware\\ThrottleRequests.php(103): Illuminate\\Routing\\Middleware\\ThrottleRequests->handleRequest(Object(Illuminate\\Http\\Request), Object(Closure), Array)
#22 E:\\my working files\\Laravel\\codecanyon-sYfiw0lg-stake-online-casino-gaming-platform-single-page-application\\vendor\\laravel\\framework\\src\\Illuminate\\Routing\\Middleware\\ThrottleRequests.php(55): Illuminate\\Routing\\Middleware\\ThrottleRequests->handleRequestUsingNamedLimiter(Object(Illuminate\\Http\\Request), Object(Closure), 'api', Object(Closure))
#23 E:\\my working files\\Laravel\\codecanyon-sYfiw0lg-stake-online-casino-gaming-platform-single-page-application\\vendor\\laravel\\framework\\src\\Illuminate\\Pipeline\\Pipeline.php(167): Illuminate\\Routing\\Middleware\\ThrottleRequests->handle(Object(Illuminate\\Http\\Request), Object(Closure), 'api')
#24 E:\\my working files\\Laravel\\codecanyon-sYfiw0lg-stake-online-casino-gaming-platform-single-page-application\\vendor\\laravel\\sanctum\\src\\Http\\Middleware\\EnsureFrontendRequestsAreStateful.php(33): Illuminate\\Pipeline\\Pipeline->Illuminate\\Pipeline\\{closure}(Object(Illuminate\\Http\\Request))
#25 E:\\my working files\\Laravel\\codecanyon-sYfiw0lg-stake-online-casino-gaming-platform-single-page-application\\vendor\\laravel\\framework\\src\\Illuminate\\Pipeline\\Pipeline.php(128): Laravel\\Sanctum\\Http\\Middleware\\EnsureFrontendRequestsAreStateful->Laravel\\Sanctum\\Http\\Middleware\\{closure}(Object(Illuminate\\Http\\Request))
#26 E:\\my working files\\Laravel\\codecanyon-sYfiw0lg-stake-online-casino-gaming-platform-single-page-application\\vendor\\laravel\\framework\\src\\Illuminate\\Pipeline\\Pipeline.php(103): Illuminate\\Pipeline\\Pipeline->Illuminate\\Pipeline\\{closure}(Object(Illuminate\\Http\\Request))
#27 E:\\my working files\\Laravel\\codecanyon-sYfiw0lg-stake-online-casino-gaming-platform-single-page-application\\vendor\\laravel\\sanctum\\src\\Http\\Middleware\\EnsureFrontendRequestsAreStateful.php(34): Illuminate\\Pipeline\\Pipeline->then(Object(Closure))
#28 E:\\my working files\\Laravel\\codecanyon-sYfiw0lg-stake-online-casino-gaming-platform-single-page-application\\vendor\\laravel\\framework\\src\\Illuminate\\Pipeline\\Pipeline.php(167): Laravel\\Sanctum\\Http\\Middleware\\EnsureFrontendRequestsAreStateful->handle(Object(Illuminate\\Http\\Request), Object(Closure))
#29 E:\\my working files\\Laravel\\codecanyon-sYfiw0lg-stake-online-casino-gaming-platform-single-page-application\\vendor\\laravel\\framework\\src\\Illuminate\\Pipeline\\Pipeline.php(103): Illuminate\\Pipeline\\Pipeline->Illuminate\\Pipeline\\{closure}(Object(Illuminate\\Http\\Request))
#30 E:\\my working files\\Laravel\\codecanyon-sYfiw0lg-stake-online-casino-gaming-platform-single-page-application\\vendor\\laravel\\framework\\src\\Illuminate\\Routing\\Router.php(695): Illuminate\\Pipeline\\Pipeline->then(Object(Closure))
#31 E:\\my working files\\Laravel\\codecanyon-sYfiw0lg-stake-online-casino-gaming-platform-single-page-application\\vendor\\laravel\\framework\\src\\Illuminate\\Routing\\Router.php(670): Illuminate\\Routing\\Router->runRouteWithinStack(Object(Illuminate\\Routing\\Route), Object(Illuminate\\Http\\Request))
#32 E:\\my working files\\Laravel\\codecanyon-sYfiw0lg-stake-online-casino-gaming-platform-single-page-application\\vendor\\laravel\\framework\\src\\Illuminate\\Routing\\Router.php(636): Illuminate\\Routing\\Router->runRoute(Object(Illuminate\\Http\\Request), Object(Illuminate\\Routing\\Route))
#33 E:\\my working files\\Laravel\\codecanyon-sYfiw0lg-stake-online-casino-gaming-platform-single-page-application\\vendor\\laravel\\framework\\src\\Illuminate\\Routing\\Router.php(625): Illuminate\\Routing\\Router->dispatchToRoute(Object(Illuminate\\Http\\Request))
#34 E:\\my working files\\Laravel\\codecanyon-sYfiw0lg-stake-online-casino-gaming-platform-single-page-application\\vendor\\laravel\\framework\\src\\Illuminate\\Foundation\\Http\\Kernel.php(166): Illuminate\\Routing\\Router->dispatch(Object(Illuminate\\Http\\Request))
#35 E:\\my working files\\Laravel\\codecanyon-sYfiw0lg-stake-online-casino-gaming-platform-single-page-application\\vendor\\laravel\\framework\\src\\Illuminate\\Pipeline\\Pipeline.php(128): Illuminate\\Foundation\\Http\\Kernel->Illuminate\\Foundation\\Http\\{closure}(Object(Illuminate\\Http\\Request))
#36 E:\\my working files\\Laravel\\codecanyon-sYfiw0lg-stake-online-casino-gaming-platform-single-page-application\\app\\Http\\Middleware\\SetLocale.php(22): Illuminate\\Pipeline\\Pipeline->Illuminate\\Pipeline\\{closure}(Object(Illuminate\\Http\\Request))
#37 E:\\my working files\\Laravel\\codecanyon-sYfiw0lg-stake-online-casino-gaming-platform-single-page-application\\vendor\\laravel\\framework\\src\\Illuminate\\Pipeline\\Pipeline.php(167): App\\Http\\Middleware\\SetLocale->handle(Object(Illuminate\\Http\\Request), Object(Closure))
#38 E:\\my working files\\Laravel\\codecanyon-sYfiw0lg-stake-online-casino-gaming-platform-single-page-application\\vendor\\laravel\\framework\\src\\Illuminate\\Foundation\\Http\\Middleware\\TransformsRequest.php(21): Illuminate\\Pipeline\\Pipeline->Illuminate\\Pipeline\\{closure}(Object(Illuminate\\Http\\Request))
#39 E:\\my working files\\Laravel\\codecanyon-sYfiw0lg-stake-online-casino-gaming-platform-single-page-application\\vendor\\laravel\\framework\\src\\Illuminate\\Pipeline\\Pipeline.php(167): Illuminate\\Foundation\\Http\\Middleware\\TransformsRequest->handle(Object(Illuminate\\Http\\Request), Object(Closure))
#40 E:\\my working files\\Laravel\\codecanyon-sYfiw0lg-stake-online-casino-gaming-platform-single-page-application\\vendor\\laravel\\framework\\src\\Illuminate\\Foundation\\Http\\Middleware\\TransformsRequest.php(21): Illuminate\\Pipeline\\Pipeline->Illuminate\\Pipeline\\{closure}(Object(Illuminate\\Http\\Request))
#41 E:\\my working files\\Laravel\\codecanyon-sYfiw0lg-stake-online-casino-gaming-platform-single-page-application\\vendor\\laravel\\framework\\src\\Illuminate\\Pipeline\\Pipeline.php(167): Illuminate\\Foundation\\Http\\Middleware\\TransformsRequest->handle(Object(Illuminate\\Http\\Request), Object(Closure))
#42 E:\\my working files\\Laravel\\codecanyon-sYfiw0lg-stake-online-casino-gaming-platform-single-page-application\\vendor\\laravel\\framework\\src\\Illuminate\\Foundation\\Http\\Middleware\\ValidatePostSize.php(27): Illuminate\\Pipeline\\Pipeline->Illuminate\\Pipeline\\{closure}(Object(Illuminate\\Http\\Request))
#43 E:\\my working files\\Laravel\\codecanyon-sYfiw0lg-stake-online-casino-gaming-platform-single-page-application\\vendor\\laravel\\framework\\src\\Illuminate\\Pipeline\\Pipeline.php(167): Illuminate\\Foundation\\Http\\Middleware\\ValidatePostSize->handle(Object(Illuminate\\Http\\Request), Object(Closure))
#44 E:\\my working files\\Laravel\\codecanyon-sYfiw0lg-stake-online-casino-gaming-platform-single-page-application\\vendor\\fruitcake\\laravel-cors\\src\\HandleCors.php(37): Illuminate\\Pipeline\\Pipeline->Illuminate\\Pipeline\\{closure}(Object(Illuminate\\Http\\Request))
#45 E:\\my working files\\Laravel\\codecanyon-sYfiw0lg-stake-online-casino-gaming-platform-single-page-application\\vendor\\laravel\\framework\\src\\Illuminate\\Pipeline\\Pipeline.php(167): Fruitcake\\Cors\\HandleCors->handle(Object(Illuminate\\Http\\Request), Object(Closure))
#46 E:\\my working files\\Laravel\\codecanyon-sYfiw0lg-stake-online-casino-gaming-platform-single-page-application\\vendor\\fideloper\\proxy\\src\\TrustProxies.php(57): Illuminate\\Pipeline\\Pipeline->Illuminate\\Pipeline\\{closure}(Object(Illuminate\\Http\\Request))
#47 E:\\my working files\\Laravel\\codecanyon-sYfiw0lg-stake-online-casino-gaming-platform-single-page-application\\vendor\\laravel\\framework\\src\\Illuminate\\Pipeline\\Pipeline.php(167): Fideloper\\Proxy\\TrustProxies->handle(Object(Illuminate\\Http\\Request), Object(Closure))
#48 E:\\my working files\\Laravel\\codecanyon-sYfiw0lg-stake-online-casino-gaming-platform-single-page-application\\vendor\\laravel\\framework\\src\\Illuminate\\Pipeline\\Pipeline.php(103): Illuminate\\Pipeline\\Pipeline->Illuminate\\Pipeline\\{closure}(Object(Illuminate\\Http\\Request))
#49 E:\\my working files\\Laravel\\codecanyon-sYfiw0lg-stake-online-casino-gaming-platform-single-page-application\\vendor\\laravel\\framework\\src\\Illuminate\\Foundation\\Http\\Kernel.php(141): Illuminate\\Pipeline\\Pipeline->then(Object(Closure))
#50 E:\\my working files\\Laravel\\codecanyon-sYfiw0lg-stake-online-casino-gaming-platform-single-page-application\\vendor\\laravel\\framework\\src\\Illuminate\\Foundation\\Http\\Kernel.php(110): Illuminate\\Foundation\\Http\\Kernel->sendRequestThroughRouter(Object(Illuminate\\Http\\Request))
#51 E:\\my working files\\Laravel\\codecanyon-sYfiw0lg-stake-online-casino-gaming-platform-single-page-application\\public\\index.php(57): Illuminate\\Foundation\\Http\\Kernel->handle(Object(Illuminate\\Http\\Request))
#52 E:\\my working files\\Laravel\\codecanyon-sYfiw0lg-stake-online-casino-gaming-platform-single-page-application\\server.php(19): require_once('E:\\\\my working f...')
#53 {main}
"} 
[2021-06-25 17:44:28] production.DEBUG: select * from `users` where `email` = ? and `status` = ? limit 1 {"params":["qa.webdeveloperteam20210325@gmail.com",0],"time":17.56} 
[2021-06-25 17:44:28] production.DEBUG: update `users` set `remember_token` = ? where `id` = ? {"params":["G1CCA0n3o6Wam5ytRbvedkloEieiUUSUqkzTpdHOrKiLIbazXCUMqR3MNPOJ",1],"time":176.54} 
[2021-06-25 17:44:28] production.ERROR: Session store not set on request. {"userId":1,"exception":"[object] (RuntimeException(code: 0): Session store not set on request. at E:\\my working files\\Laravel\\codecanyon-sYfiw0lg-stake-online-casino-gaming-platform-single-page-application\\vendor\\laravel\\framework\\src\\Illuminate\\Http\\Request.php:483)
[stacktrace]
#0 E:\\my working files\\Laravel\\codecanyon-sYfiw0lg-stake-online-casino-gaming-platform-single-page-application\\vendor\\laravel\\ui\\auth-backend\\AuthenticatesUsers.php(106): Illuminate\\Http\\Request->session()
#1 E:\\my working files\\Laravel\\codecanyon-sYfiw0lg-stake-online-casino-gaming-platform-single-page-application\\vendor\\laravel\\ui\\auth-backend\\AuthenticatesUsers.php(47): App\\Http\\Controllers\\Auth\\LoginController->sendLoginResponse(Object(Illuminate\\Http\\Request))
#2 E:\\my working files\\Laravel\\codecanyon-sYfiw0lg-stake-online-casino-gaming-platform-single-page-application\\vendor\\laravel\\framework\\src\\Illuminate\\Routing\\Controller.php(54): App\\Http\\Controllers\\Auth\\LoginController->login(Object(Illuminate\\Http\\Request))
#3 E:\\my working files\\Laravel\\codecanyon-sYfiw0lg-stake-online-casino-gaming-platform-single-page-application\\vendor\\laravel\\framework\\src\\Illuminate\\Routing\\ControllerDispatcher.php(45): Illuminate\\Routing\\Controller->callAction('login', Array)
#4 E:\\my working files\\Laravel\\codecanyon-sYfiw0lg-stake-online-casino-gaming-platform-single-page-application\\vendor\\laravel\\framework\\src\\Illuminate\\Routing\\Route.php(254): Illuminate\\Routing\\ControllerDispatcher->dispatch(Object(Illuminate\\Routing\\Route), Object(App\\Http\\Controllers\\Auth\\LoginController), 'login')
#5 E:\\my working files\\Laravel\\codecanyon-sYfiw0lg-stake-online-casino-gaming-platform-single-page-application\\vendor\\laravel\\framework\\src\\Illuminate\\Routing\\Route.php(197): Illuminate\\Routing\\Route->runController()
#6 E:\\my working files\\Laravel\\codecanyon-sYfiw0lg-stake-online-casino-gaming-platform-single-page-application\\vendor\\laravel\\framework\\src\\Illuminate\\Routing\\Router.php(693): Illuminate\\Routing\\Route->run()
#7 E:\\my working files\\Laravel\\codecanyon-sYfiw0lg-stake-online-casino-gaming-platform-single-page-application\\vendor\\laravel\\framework\\src\\Illuminate\\Pipeline\\Pipeline.php(128): Illuminate\\Routing\\Router->Illuminate\\Routing\\{closure}(Object(Illuminate\\Http\\Request))
#8 E:\\my working files\\Laravel\\codecanyon-sYfiw0lg-stake-online-casino-gaming-platform-single-page-application\\app\\Http\\Middleware\\CheckForMaintenanceMode.php(38): Illuminate\\Pipeline\\Pipeline->Illuminate\\Pipeline\\{closure}(Object(Illuminate\\Http\\Request))
#9 E:\\my working files\\Laravel\\codecanyon-sYfiw0lg-stake-online-casino-gaming-platform-single-page-application\\vendor\\laravel\\framework\\src\\Illuminate\\Pipeline\\Pipeline.php(167): App\\Http\\Middleware\\CheckForMaintenanceMode->handle(Object(Illuminate\\Http\\Request), Object(Closure))
#10 E:\\my working files\\Laravel\\codecanyon-sYfiw0lg-stake-online-casino-gaming-platform-single-page-application\\app\\Http\\Middleware\\RedirectIfAuthenticated.php(24): Illuminate\\Pipeline\\Pipeline->Illuminate\\Pipeline\\{closure}(Object(Illuminate\\Http\\Request))
#11 E:\\my working files\\Laravel\\codecanyon-sYfiw0lg-stake-online-casino-gaming-platform-single-page-application\\vendor\\laravel\\framework\\src\\Illuminate\\Pipeline\\Pipeline.php(167): App\\Http\\Middleware\\RedirectIfAuthenticated->handle(Object(Illuminate\\Http\\Request), Object(Closure))
#12 E:\\my working files\\Laravel\\codecanyon-sYfiw0lg-stake-online-casino-gaming-platform-single-page-application\\vendor\\laravel\\framework\\src\\Illuminate\\Routing\\Middleware\\SubstituteBindings.php(50): Illuminate\\Pipeline\\Pipeline->Illuminate\\Pipeline\\{closure}(Object(Illuminate\\Http\\Request))
#13 E:\\my working files\\Laravel\\codecanyon-sYfiw0lg-stake-online-casino-gaming-platform-single-page-application\\vendor\\laravel\\framework\\src\\Illuminate\\Pipeline\\Pipeline.php(167): Illuminate\\Routing\\Middleware\\SubstituteBindings->handle(Object(Illuminate\\Http\\Request), Object(Closure))
#14 E:\\my working files\\Laravel\\codecanyon-sYfiw0lg-stake-online-casino-gaming-platform-single-page-application\\vendor\\laravel\\framework\\src\\Illuminate\\Routing\\Middleware\\ThrottleRequests.php(127): Illuminate\\Pipeline\\Pipeline->Illuminate\\Pipeline\\{closure}(Object(Illuminate\\Http\\Request))
#15 E:\\my working files\\Laravel\\codecanyon-sYfiw0lg-stake-online-casino-gaming-platform-single-page-application\\vendor\\laravel\\framework\\src\\Illuminate\\Routing\\Middleware\\ThrottleRequests.php(103): Illuminate\\Routing\\Middleware\\ThrottleRequests->handleRequest(Object(Illuminate\\Http\\Request), Object(Closure), Array)
#16 E:\\my working files\\Laravel\\codecanyon-sYfiw0lg-stake-online-casino-gaming-platform-single-page-application\\vendor\\laravel\\framework\\src\\Illuminate\\Routing\\Middleware\\ThrottleRequests.php(55): Illuminate\\Routing\\Middleware\\ThrottleRequests->handleRequestUsingNamedLimiter(Object(Illuminate\\Http\\Request), Object(Closure), 'api', Object(Closure))
#17 E:\\my working files\\Laravel\\codecanyon-sYfiw0lg-stake-online-casino-gaming-platform-single-page-application\\vendor\\laravel\\framework\\src\\Illuminate\\Pipeline\\Pipeline.php(167): Illuminate\\Routing\\Middleware\\ThrottleRequests->handle(Object(Illuminate\\Http\\Request), Object(Closure), 'api')
#18 E:\\my working files\\Laravel\\codecanyon-sYfiw0lg-stake-online-casino-gaming-platform-single-page-application\\vendor\\laravel\\sanctum\\src\\Http\\Middleware\\EnsureFrontendRequestsAreStateful.php(33): Illuminate\\Pipeline\\Pipeline->Illuminate\\Pipeline\\{closure}(Object(Illuminate\\Http\\Request))
#19 E:\\my working files\\Laravel\\codecanyon-sYfiw0lg-stake-online-casino-gaming-platform-single-page-application\\vendor\\laravel\\framework\\src\\Illuminate\\Pipeline\\Pipeline.php(128): Laravel\\Sanctum\\Http\\Middleware\\EnsureFrontendRequestsAreStateful->Laravel\\Sanctum\\Http\\Middleware\\{closure}(Object(Illuminate\\Http\\Request))
#20 E:\\my working files\\Laravel\\codecanyon-sYfiw0lg-stake-online-casino-gaming-platform-single-page-application\\vendor\\laravel\\framework\\src\\Illuminate\\Pipeline\\Pipeline.php(103): Illuminate\\Pipeline\\Pipeline->Illuminate\\Pipeline\\{closure}(Object(Illuminate\\Http\\Request))
#21 E:\\my working files\\Laravel\\codecanyon-sYfiw0lg-stake-online-casino-gaming-platform-single-page-application\\vendor\\laravel\\sanctum\\src\\Http\\Middleware\\EnsureFrontendRequestsAreStateful.php(34): Illuminate\\Pipeline\\Pipeline->then(Object(Closure))
#22 E:\\my working files\\Laravel\\codecanyon-sYfiw0lg-stake-online-casino-gaming-platform-single-page-application\\vendor\\laravel\\framework\\src\\Illuminate\\Pipeline\\Pipeline.php(167): Laravel\\Sanctum\\Http\\Middleware\\EnsureFrontendRequestsAreStateful->handle(Object(Illuminate\\Http\\Request), Object(Closure))
#23 E:\\my working files\\Laravel\\codecanyon-sYfiw0lg-stake-online-casino-gaming-platform-single-page-application\\vendor\\laravel\\framework\\src\\Illuminate\\Pipeline\\Pipeline.php(103): Illuminate\\Pipeline\\Pipeline->Illuminate\\Pipeline\\{closure}(Object(Illuminate\\Http\\Request))
#24 E:\\my working files\\Laravel\\codecanyon-sYfiw0lg-stake-online-casino-gaming-platform-single-page-application\\vendor\\laravel\\framework\\src\\Illuminate\\Routing\\Router.php(695): Illuminate\\Pipeline\\Pipeline->then(Object(Closure))
#25 E:\\my working files\\Laravel\\codecanyon-sYfiw0lg-stake-online-casino-gaming-platform-single-page-application\\vendor\\laravel\\framework\\src\\Illuminate\\Routing\\Router.php(670): Illuminate\\Routing\\Router->runRouteWithinStack(Object(Illuminate\\Routing\\Route), Object(Illuminate\\Http\\Request))
#26 E:\\my working files\\Laravel\\codecanyon-sYfiw0lg-stake-online-casino-gaming-platform-single-page-application\\vendor\\laravel\\framework\\src\\Illuminate\\Routing\\Router.php(636): Illuminate\\Routing\\Router->runRoute(Object(Illuminate\\Http\\Request), Object(Illuminate\\Routing\\Route))
#27 E:\\my working files\\Laravel\\codecanyon-sYfiw0lg-stake-online-casino-gaming-platform-single-page-application\\vendor\\laravel\\framework\\src\\Illuminate\\Routing\\Router.php(625): Illuminate\\Routing\\Router->dispatchToRoute(Object(Illuminate\\Http\\Request))
#28 E:\\my working files\\Laravel\\codecanyon-sYfiw0lg-stake-online-casino-gaming-platform-single-page-application\\vendor\\laravel\\framework\\src\\Illuminate\\Foundation\\Http\\Kernel.php(166): Illuminate\\Routing\\Router->dispatch(Object(Illuminate\\Http\\Request))
#29 E:\\my working files\\Laravel\\codecanyon-sYfiw0lg-stake-online-casino-gaming-platform-single-page-application\\vendor\\laravel\\framework\\src\\Illuminate\\Pipeline\\Pipeline.php(128): Illuminate\\Foundation\\Http\\Kernel->Illuminate\\Foundation\\Http\\{closure}(Object(Illuminate\\Http\\Request))
#30 E:\\my working files\\Laravel\\codecanyon-sYfiw0lg-stake-online-casino-gaming-platform-single-page-application\\app\\Http\\Middleware\\SetLocale.php(22): Illuminate\\Pipeline\\Pipeline->Illuminate\\Pipeline\\{closure}(Object(Illuminate\\Http\\Request))
#31 E:\\my working files\\Laravel\\codecanyon-sYfiw0lg-stake-online-casino-gaming-platform-single-page-application\\vendor\\laravel\\framework\\src\\Illuminate\\Pipeline\\Pipeline.php(167): App\\Http\\Middleware\\SetLocale->handle(Object(Illuminate\\Http\\Request), Object(Closure))
#32 E:\\my working files\\Laravel\\codecanyon-sYfiw0lg-stake-online-casino-gaming-platform-single-page-application\\vendor\\laravel\\framework\\src\\Illuminate\\Foundation\\Http\\Middleware\\TransformsRequest.php(21): Illuminate\\Pipeline\\Pipeline->Illuminate\\Pipeline\\{closure}(Object(Illuminate\\Http\\Request))
#33 E:\\my working files\\Laravel\\codecanyon-sYfiw0lg-stake-online-casino-gaming-platform-single-page-application\\vendor\\laravel\\framework\\src\\Illuminate\\Pipeline\\Pipeline.php(167): Illuminate\\Foundation\\Http\\Middleware\\TransformsRequest->handle(Object(Illuminate\\Http\\Request), Object(Closure))
#34 E:\\my working files\\Laravel\\codecanyon-sYfiw0lg-stake-online-casino-gaming-platform-single-page-application\\vendor\\laravel\\framework\\src\\Illuminate\\Foundation\\Http\\Middleware\\TransformsRequest.php(21): Illuminate\\Pipeline\\Pipeline->Illuminate\\Pipeline\\{closure}(Object(Illuminate\\Http\\Request))
#35 E:\\my working files\\Laravel\\codecanyon-sYfiw0lg-stake-online-casino-gaming-platform-single-page-application\\vendor\\laravel\\framework\\src\\Illuminate\\Pipeline\\Pipeline.php(167): Illuminate\\Foundation\\Http\\Middleware\\TransformsRequest->handle(Object(Illuminate\\Http\\Request), Object(Closure))
#36 E:\\my working files\\Laravel\\codecanyon-sYfiw0lg-stake-online-casino-gaming-platform-single-page-application\\vendor\\laravel\\framework\\src\\Illuminate\\Foundation\\Http\\Middleware\\ValidatePostSize.php(27): Illuminate\\Pipeline\\Pipeline->Illuminate\\Pipeline\\{closure}(Object(Illuminate\\Http\\Request))
#37 E:\\my working files\\Laravel\\codecanyon-sYfiw0lg-stake-online-casino-gaming-platform-single-page-application\\vendor\\laravel\\framework\\src\\Illuminate\\Pipeline\\Pipeline.php(167): Illuminate\\Foundation\\Http\\Middleware\\ValidatePostSize->handle(Object(Illuminate\\Http\\Request), Object(Closure))
#38 E:\\my working files\\Laravel\\codecanyon-sYfiw0lg-stake-online-casino-gaming-platform-single-page-application\\vendor\\fruitcake\\laravel-cors\\src\\HandleCors.php(37): Illuminate\\Pipeline\\Pipeline->Illuminate\\Pipeline\\{closure}(Object(Illuminate\\Http\\Request))
#39 E:\\my working files\\Laravel\\codecanyon-sYfiw0lg-stake-online-casino-gaming-platform-single-page-application\\vendor\\laravel\\framework\\src\\Illuminate\\Pipeline\\Pipeline.php(167): Fruitcake\\Cors\\HandleCors->handle(Object(Illuminate\\Http\\Request), Object(Closure))
#40 E:\\my working files\\Laravel\\codecanyon-sYfiw0lg-stake-online-casino-gaming-platform-single-page-application\\vendor\\fideloper\\proxy\\src\\TrustProxies.php(57): Illuminate\\Pipeline\\Pipeline->Illuminate\\Pipeline\\{closure}(Object(Illuminate\\Http\\Request))
#41 E:\\my working files\\Laravel\\codecanyon-sYfiw0lg-stake-online-casino-gaming-platform-single-page-application\\vendor\\laravel\\framework\\src\\Illuminate\\Pipeline\\Pipeline.php(167): Fideloper\\Proxy\\TrustProxies->handle(Object(Illuminate\\Http\\Request), Object(Closure))
#42 E:\\my working files\\Laravel\\codecanyon-sYfiw0lg-stake-online-casino-gaming-platform-single-page-application\\vendor\\laravel\\framework\\src\\Illuminate\\Pipeline\\Pipeline.php(103): Illuminate\\Pipeline\\Pipeline->Illuminate\\Pipeline\\{closure}(Object(Illuminate\\Http\\Request))
#43 E:\\my working files\\Laravel\\codecanyon-sYfiw0lg-stake-online-casino-gaming-platform-single-page-application\\vendor\\laravel\\framework\\src\\Illuminate\\Foundation\\Http\\Kernel.php(141): Illuminate\\Pipeline\\Pipeline->then(Object(Closure))
#44 E:\\my working files\\Laravel\\codecanyon-sYfiw0lg-stake-online-casino-gaming-platform-single-page-application\\vendor\\laravel\\framework\\src\\Illuminate\\Foundation\\Http\\Kernel.php(110): Illuminate\\Foundation\\Http\\Kernel->sendRequestThroughRouter(Object(Illuminate\\Http\\Request))
#45 E:\\my working files\\Laravel\\codecanyon-sYfiw0lg-stake-online-casino-gaming-platform-single-page-application\\public\\index.php(57): Illuminate\\Foundation\\Http\\Kernel->handle(Object(Illuminate\\Http\\Request))
#46 E:\\my working files\\Laravel\\codecanyon-sYfiw0lg-stake-online-casino-gaming-platform-single-page-application\\server.php(19): require_once('E:\\\\my working f...')
#47 {main}
"} 
[2021-06-25 17:46:09] production.DEBUG: select * from `users` where `email` = ? and `status` = ? limit 1 {"params":["qa.webdeveloperteam20210325@gmail.com",0],"time":5.44} 
[2021-06-25 17:46:09] production.DEBUG: update `users` set `last_login_at` = ?, `users`.`updated_at` = ? where `id` = ? {"params":["2021-06-25 17:46:09","2021-06-25 17:46:09",1],"time":67.34} 
[2021-06-25 17:46:09] production.DEBUG: select * from `accounts` where `accounts`.`user_id` = ? and `accounts`.`user_id` is not null limit 1 {"params":[1],"time":0.56} 
[2021-06-25 17:46:09] production.DEBUG: select * from `social_profiles` where `social_profiles`.`user_id` in (1) {"params":[],"time":0.45} 
[2021-06-25 17:46:09] production.DEBUG: select * from `users` where `id` = ? limit 1 {"params":[1],"time":3.81} 
[2021-06-25 17:46:10] production.DEBUG: select * from `users` where `id` = ? limit 1 {"params":[1],"time":26.68} 
[2021-06-25 17:46:10] production.DEBUG: select * from `games` where `games`.`status` = ? order by `created_at` desc limit 10 {"params":[1],"time":24.29} 
[2021-06-25 17:46:53] production.DEBUG: select * from `users` where `id` = ? limit 1 {"params":[1],"time":5.76} 
[2021-06-25 17:46:57] production.DEBUG: select * from `users` where `id` = ? limit 1 {"params":[1],"time":23.58} 
[2021-06-25 17:46:57] production.DEBUG: select * from `users` where `id` = ? limit 1 {"params":[1],"time":3.25} 
[2021-06-25 17:47:25] production.DEBUG: select * from `users` where `id` = ? limit 1 {"params":[1],"time":3.41} 
[2021-06-25 17:47:25] production.DEBUG: select * from `users` where `id` = ? limit 1 {"params":[1],"time":5.84} 
[2021-06-25 17:47:25] production.DEBUG: select * from `games` where `games`.`status` = ? order by `created_at` desc limit 10 {"params":[1],"time":0.47} 
[2021-06-25 17:47:32] production.DEBUG: select * from `users` where `id` = ? limit 1 {"params":[1],"time":5.18} 
[2021-06-25 17:47:34] production.DEBUG: select * from `users` where `id` = ? limit 1 {"params":[1],"time":6.89} 
[2021-06-25 17:47:34] production.DEBUG: select * from `users` where `id` = ? limit 1 {"params":[1],"time":5.3} 
[2021-06-25 17:47:34] production.DEBUG: select * from `games` where `games`.`status` = ? order by `created_at` desc limit 10 {"params":[1],"time":0.4} 
[2021-06-25 17:48:04] production.DEBUG: select * from `users` where `id` = ? limit 1 {"params":[1],"time":22.21} 
[2021-06-25 17:48:04] production.DEBUG: select * from `accounts` where `accounts`.`user_id` in (1) {"params":[],"time":0.66} 
[2021-06-25 17:48:04] production.DEBUG: select * from `social_profiles` where `social_profiles`.`user_id` in (1) {"params":[],"time":0.51} 
[2021-06-25 17:48:04] production.DEBUG: select count(*) as aggregate from `games` where `games`.`status` = ? {"params":[1],"time":0.48} 
[2021-06-25 17:48:04] production.DEBUG: select * from `games` where `games`.`status` = ? and `games`.`win` > ? order by `id` desc limit 1 {"params":[1,"games.bet"],"time":0.53} 
[2021-06-25 17:48:04] production.DEBUG: select * from `users` where `id` = ? limit 1 {"params":[1],"time":14.78} 
[2021-06-25 17:48:05] production.DEBUG: select * from `users` where `id` = ? limit 1 {"params":[1],"time":3.06} 
[2021-06-25 17:48:05] production.DEBUG: select * from `games` where `games`.`status` = ? order by `created_at` desc limit 10 {"params":[1],"time":0.67} 
[2021-06-25 17:49:11] production.DEBUG: select * from `users` where `id` = ? limit 1 {"params":[1],"time":5.32} 
[2021-06-25 17:49:11] production.DEBUG: select * from `users` where `id` = ? limit 1 {"params":["1"],"time":0.57} 
[2021-06-25 17:49:26] production.DEBUG: select * from `users` where `id` = ? limit 1 {"params":[1],"time":4.25} 
[2021-06-25 17:49:27] production.DEBUG: select * from `users` where `id` = ? limit 1 {"params":[1],"time":3.9} 
[2021-06-25 17:49:27] production.DEBUG: select * from `games` where `games`.`status` = ? order by `created_at` desc limit 10 {"params":[1],"time":0.86} 
[2021-06-25 17:50:44] production.DEBUG: select * from `users` where `id` = ? limit 1 {"params":[1],"time":3.93} 
[2021-06-25 17:50:44] production.DEBUG: select * from `accounts` where `accounts`.`user_id` in (1) {"params":[],"time":0.49} 
[2021-06-25 17:50:44] production.DEBUG: select * from `social_profiles` where `social_profiles`.`user_id` in (1) {"params":[],"time":0.48} 
[2021-06-25 17:50:44] production.DEBUG: select count(*) as aggregate from `games` where `games`.`status` = ? {"params":[1],"time":0.37} 
[2021-06-25 17:50:44] production.DEBUG: select * from `games` where `games`.`status` = ? and `games`.`win` > ? order by `id` desc limit 1 {"params":[1,"games.bet"],"time":0.4} 
[2021-06-25 17:50:45] production.DEBUG: select * from `users` where `id` = ? limit 1 {"params":[1],"time":3.27} 
[2021-06-25 17:50:46] production.DEBUG: select * from `users` where `id` = ? limit 1 {"params":[1],"time":5.08} 
[2021-06-25 17:50:46] production.DEBUG: select * from `games` where `games`.`status` = ? order by `created_at` desc limit 10 {"params":[1],"time":0.79} 
[2021-06-25 17:50:48] production.DEBUG: select * from `users` where `id` = ? limit 1 {"params":[1],"time":3.08} 
[2021-06-25 17:50:48] production.DEBUG: select * from `users` where `id` = ? limit 1 {"params":[1],"time":4.6} 
[2021-06-25 18:01:25] production.DEBUG: select * from `users` where `id` = ? limit 1 {"params":[1],"time":5.92} 
[2021-06-25 18:01:25] production.DEBUG: select * from `accounts` where `accounts`.`user_id` in (1) {"params":[],"time":0.63} 
[2021-06-25 18:01:25] production.DEBUG: select * from `social_profiles` where `social_profiles`.`user_id` in (1) {"params":[],"time":0.5} 
[2021-06-25 18:01:25] production.DEBUG: select count(*) as aggregate from `games` where `games`.`status` = ? {"params":[1],"time":0.52} 
[2021-06-25 18:01:25] production.DEBUG: select * from `games` where `games`.`status` = ? and `games`.`win` > ? order by `id` desc limit 1 {"params":[1,"games.bet"],"time":0.51} 
[2021-06-25 18:01:26] production.DEBUG: select * from `users` where `id` = ? limit 1 {"params":[1],"time":3.14} 
[2021-06-25 18:01:26] production.DEBUG: select * from `users` where `id` = ? limit 1 {"params":[1],"time":22.2} 
[2021-06-25 18:01:26] production.DEBUG: select * from `games` where `games`.`status` = ? order by `created_at` desc limit 10 {"params":[1],"time":0.44} 
[2021-06-25 18:01:34] production.DEBUG: select * from `users` where `id` = ? limit 1 {"params":[1],"time":17.52} 
[2021-06-25 18:01:52] production.DEBUG: select * from `users` where `id` = ? limit 1 {"params":[1],"time":23.14} 
[2021-06-25 18:01:53] production.DEBUG: select * from `users` where `id` = ? limit 1 {"params":[1],"time":3.79} 
[2021-06-25 18:01:53] production.DEBUG: select * from `games` where `games`.`status` = ? order by `created_at` desc limit 10 {"params":[1],"time":0.66} 
[2021-06-25 18:17:02] production.DEBUG: select * from `users` where `id` = ? limit 1 {"params":[1],"time":4.99} 
[2021-06-25 18:17:03] production.DEBUG: update `users` set `remember_token` = ? where `id` = ? {"params":["LpzRldlWpHvCp16I6qf6k3u2VPSYYxuUQHPUuY5oV02sKIevoccIIcAjkb7F",1],"time":56.71} 
[2021-06-25 18:17:49] production.DEBUG: select count(*) as aggregate from `games` where `games`.`status` = ? {"params":[1],"time":26.71} 
[2021-06-25 18:17:49] production.DEBUG: select * from `games` where `games`.`status` = ? and `games`.`win` > ? order by `id` desc limit 1 {"params":[1,"games.bet"],"time":0.72} 
[2021-06-25 18:18:03] production.DEBUG: select * from `users` where `email` = ? and `status` = ? limit 1 {"params":["qa.webdeveloperteam20210325@gmail.com",0],"time":4.17} 
[2021-06-25 18:18:03] production.DEBUG: update `users` set `last_login_at` = ?, `users`.`updated_at` = ? where `id` = ? {"params":["2021-06-25 18:18:03","2021-06-25 18:18:03",1],"time":60.59} 
[2021-06-25 18:18:03] production.DEBUG: select * from `accounts` where `accounts`.`user_id` = ? and `accounts`.`user_id` is not null limit 1 {"params":[1],"time":0.57} 
[2021-06-25 18:18:03] production.DEBUG: select * from `social_profiles` where `social_profiles`.`user_id` in (1) {"params":[],"time":0.78} 
[2021-06-25 18:18:03] production.DEBUG: select * from `users` where `id` = ? limit 1 {"params":[1],"time":26.6} 
[2021-06-25 18:18:04] production.DEBUG: select * from `users` where `id` = ? limit 1 {"params":[1],"time":3.83} 
[2021-06-25 18:18:04] production.DEBUG: select * from `games` where `games`.`status` = ? order by `created_at` desc limit 10 {"params":[1],"time":0.59} 
[2021-06-25 18:18:15] production.DEBUG: select * from `users` where `id` = ? limit 1 {"params":[1],"time":4.54} 
[2021-06-25 18:18:15] production.DEBUG: update `users` set `remember_token` = ? where `id` = ? {"params":["I7OSnG6oZIxj86T1aLKGIvKrDyXKUbknp0yiiuF3N2ffhghXPN5zyirOGr89",1],"time":29.31} 
[2021-06-25 18:18:21] production.DEBUG: select * from `games` where `games`.`status` = ? order by `created_at` desc limit 10 {"params":[1],"time":4.29} 
[2021-06-25 18:21:33] production.DEBUG: select count(*) as aggregate from `games` where `games`.`status` = ? {"params":[1],"time":4.41} 
[2021-06-25 18:21:33] production.DEBUG: select * from `games` where `games`.`status` = ? and `games`.`win` > ? order by `id` desc limit 1 {"params":[1,"games.bet"],"time":0.52} 
[2021-06-25 18:21:45] production.DEBUG: select * from `users` where `email` = ? and `status` = ? limit 1 {"params":["qa.webdeveloperteam20210325@gmail.com",0],"time":26.03} 
[2021-06-25 18:21:45] production.DEBUG: update `users` set `last_login_at` = ?, `users`.`updated_at` = ? where `id` = ? {"params":["2021-06-25 18:21:45","2021-06-25 18:21:45",1],"time":39.7} 
[2021-06-25 18:21:45] production.DEBUG: select * from `accounts` where `accounts`.`user_id` = ? and `accounts`.`user_id` is not null limit 1 {"params":[1],"time":0.67} 
[2021-06-25 18:21:45] production.DEBUG: select * from `social_profiles` where `social_profiles`.`user_id` in (1) {"params":[],"time":0.5} 
[2021-06-25 18:21:46] production.DEBUG: select * from `users` where `id` = ? limit 1 {"params":[1],"time":4.21} 
[2021-06-25 18:21:46] production.DEBUG: select * from `users` where `id` = ? limit 1 {"params":[1],"time":4.23} 
[2021-06-25 18:21:46] production.DEBUG: select * from `games` where `games`.`status` = ? order by `created_at` desc limit 10 {"params":[1],"time":0.4} 
[2021-06-25 18:40:22] production.DEBUG: select * from `users` where `id` = ? limit 1 {"params":[1],"time":5.05} 
[2021-06-25 18:40:22] production.DEBUG: select * from `accounts` where `accounts`.`user_id` in (1) {"params":[],"time":0.62} 
[2021-06-25 18:40:22] production.DEBUG: select * from `social_profiles` where `social_profiles`.`user_id` in (1) {"params":[],"time":0.52} 
[2021-06-25 18:40:22] production.DEBUG: select count(*) as aggregate from `games` where `games`.`status` = ? {"params":[1],"time":0.43} 
[2021-06-25 18:40:22] production.DEBUG: select * from `games` where `games`.`status` = ? and `games`.`win` > ? order by `id` desc limit 1 {"params":[1,"games.bet"],"time":0.56} 
[2021-06-25 18:40:23] production.DEBUG: select * from `users` where `id` = ? limit 1 {"params":[1],"time":3.41} 
[2021-06-25 18:40:23] production.DEBUG: select * from `users` where `id` = ? limit 1 {"params":[1],"time":7.16} 
[2021-06-25 18:40:23] production.DEBUG: select * from `games` where `games`.`status` = ? order by `created_at` desc limit 10 {"params":[1],"time":0.84} 
[2021-06-25 18:44:28] production.DEBUG: select count(*) as aggregate from `games` where `games`.`status` = ? {"params":[1],"time":45.45} 
[2021-06-25 18:44:28] production.DEBUG: select * from `games` where `games`.`status` = ? and `games`.`win` > ? order by `id` desc limit 1 {"params":[1,"games.bet"],"time":0.86} 
[2021-06-25 18:44:41] production.DEBUG: select * from `users` where `email` = ? and `status` = ? limit 1 {"params":["qa.webdeveloperteam20210325@gmail.com",0],"time":43.87} 
[2021-06-25 18:44:41] production.DEBUG: update `users` set `last_login_at` = ?, `users`.`updated_at` = ? where `id` = ? {"params":["2021-06-25 18:44:41","2021-06-25 18:44:41",1],"time":109.67} 
[2021-06-25 18:44:41] production.DEBUG: select * from `accounts` where `accounts`.`user_id` = ? and `accounts`.`user_id` is not null limit 1 {"params":[1],"time":31.87} 
[2021-06-25 18:44:41] production.DEBUG: select * from `social_profiles` where `social_profiles`.`user_id` in (1) {"params":[],"time":9.71} 
[2021-06-25 18:44:42] production.DEBUG: select * from `users` where `id` = ? limit 1 {"params":[1],"time":4.13} 
[2021-06-25 18:44:42] production.DEBUG: select * from `users` where `id` = ? limit 1 {"params":[1],"time":16.87} 
[2021-06-25 18:44:42] production.DEBUG: select * from `games` where `games`.`status` = ? order by `created_at` desc limit 10 {"params":[1],"time":11.73} 
[2021-06-25 18:48:54] production.DEBUG: select * from `users` where `id` = ? limit 1 {"params":[1],"time":15.88} 
[2021-06-25 18:48:54] production.DEBUG: update `users` set `remember_token` = ? where `id` = ? {"params":["Db0R3pQIYHQaOwVWfOpOyWrgSUoBy0sZBfFxE66obWAehYhMGIFBgh2Qaac8",1],"time":41.14} 
[2021-06-25 18:49:04] production.DEBUG: select count(*) as aggregate from `games` where `games`.`status` = ? {"params":[1],"time":27.37} 
[2021-06-25 18:49:04] production.DEBUG: select * from `games` where `games`.`status` = ? and `games`.`win` > ? order by `id` desc limit 1 {"params":[1,"games.bet"],"time":0.57} 
[2021-06-25 18:49:11] production.DEBUG: select * from `games` where `games`.`status` = ? order by `created_at` desc limit 10 {"params":[1],"time":6.69} 
[2021-06-25 18:49:29] production.DEBUG: select * from `games` where `games`.`status` = ? order by `created_at` desc limit 10 {"params":[1],"time":4.57} 
[2021-06-25 18:49:32] production.DEBUG: select * from `games` where `games`.`status` = ? order by `created_at` desc limit 10 {"params":[1],"time":3.12} 
[2021-06-25 18:50:33] production.DEBUG: select * from `games` where `games`.`status` = ? order by `created_at` desc limit 10 {"params":[1],"time":4.26} 
[2021-06-25 18:50:39] production.DEBUG: select * from `games` where `games`.`status` = ? order by `created_at` desc limit 10 {"params":[1],"time":3.78} 
[2021-06-25 18:50:56] production.DEBUG: select * from `users` where `email` = ? and `status` = ? limit 1 {"params":["qa.webdeveloperteam20210325@gmail.com",0],"time":4.23} 
[2021-06-25 18:50:56] production.DEBUG: update `users` set `last_login_at` = ?, `users`.`updated_at` = ? where `id` = ? {"params":["2021-06-25 18:50:56","2021-06-25 18:50:56",1],"time":55.65} 
[2021-06-25 18:50:56] production.DEBUG: select * from `accounts` where `accounts`.`user_id` = ? and `accounts`.`user_id` is not null limit 1 {"params":[1],"time":1.03} 
[2021-06-25 18:50:56] production.DEBUG: select * from `social_profiles` where `social_profiles`.`user_id` in (1) {"params":[],"time":0.44} 
[2021-06-25 18:50:57] production.DEBUG: select * from `users` where `id` = ? limit 1 {"params":[1],"time":15.08} 
[2021-06-25 18:50:57] production.DEBUG: select * from `users` where `id` = ? limit 1 {"params":[1],"time":6.14} 
[2021-06-25 18:50:57] production.DEBUG: select * from `games` where `games`.`status` = ? order by `created_at` desc limit 10 {"params":[1],"time":1.52} 
[2021-06-25 18:50:59] production.DEBUG: select * from `users` where `id` = ? limit 1 {"params":[1],"time":5.63} 
[2021-06-25 18:51:00] production.DEBUG: select * from `users` where `id` = ? limit 1 {"params":[1],"time":4.4} 
[2021-06-25 18:52:12] production.DEBUG: select * from `users` where `id` = ? limit 1 {"params":[1],"time":3.88} 
[2021-06-25 18:52:14] production.DEBUG: select * from `users` where `id` = ? limit 1 {"params":[1],"time":24.59} 
[2021-06-25 18:52:15] production.DEBUG: select * from `users` where `id` = ? limit 1 {"params":[1],"time":13.52} 
[2021-06-25 18:52:15] production.DEBUG: select * from `games` where `games`.`status` = ? order by `created_at` desc limit 10 {"params":[1],"time":0.55} 
[2021-06-25 18:53:49] production.DEBUG: select * from `users` where `id` = ? limit 1 {"params":[1],"time":4.28} 
[2021-06-25 18:53:49] production.DEBUG: select * from `accounts` where `accounts`.`user_id` in (1) {"params":[],"time":0.46} 
[2021-06-25 18:53:49] production.DEBUG: select * from `social_profiles` where `social_profiles`.`user_id` in (1) {"params":[],"time":0.41} 
[2021-06-25 18:53:49] production.DEBUG: select count(*) as aggregate from `games` where `games`.`status` = ? {"params":[1],"time":0.35} 
[2021-06-25 18:53:49] production.DEBUG: select * from `games` where `games`.`status` = ? and `games`.`win` > ? order by `id` desc limit 1 {"params":[1,"games.bet"],"time":0.29} 
[2021-06-25 18:53:50] production.DEBUG: select * from `users` where `id` = ? limit 1 {"params":[1],"time":25.48} 
[2021-06-25 18:53:50] production.DEBUG: select * from `users` where `id` = ? limit 1 {"params":[1],"time":28.7} 
[2021-06-25 18:53:50] production.DEBUG: select * from `games` where `games`.`status` = ? order by `created_at` desc limit 10 {"params":[1],"time":1.02} 
[2021-06-25 18:54:23] production.DEBUG: select * from `users` where `id` = ? limit 1 {"params":[1],"time":25.64} 
[2021-06-25 18:54:23] production.DEBUG: update `users` set `remember_token` = ? where `id` = ? {"params":["IAI2PcVXTsch0749pAjqjiUvDclTiZ6sYzUysN8wuC66snVneGojUQ1lJqSw",1],"time":64.34} 
[2021-06-25 18:54:40] production.DEBUG: select count(*) as aggregate from `games` where `games`.`status` = ? {"params":[1],"time":20.93} 
[2021-06-25 18:54:40] production.DEBUG: select * from `games` where `games`.`status` = ? and `games`.`win` > ? order by `id` desc limit 1 {"params":[1,"games.bet"],"time":0.57} 
[2021-06-25 18:54:54] production.DEBUG: select * from `users` where `email` = ? and `status` = ? limit 1 {"params":["qa.webdeveloperteam20210325@gmail.com",0],"time":4.65} 
[2021-06-25 18:54:54] production.DEBUG: update `users` set `last_login_at` = ?, `users`.`updated_at` = ? where `id` = ? {"params":["2021-06-25 18:54:54","2021-06-25 18:54:54",1],"time":37.79} 
[2021-06-25 18:54:54] production.DEBUG: select * from `accounts` where `accounts`.`user_id` = ? and `accounts`.`user_id` is not null limit 1 {"params":[1],"time":0.52} 
[2021-06-25 18:54:54] production.DEBUG: select * from `social_profiles` where `social_profiles`.`user_id` in (1) {"params":[],"time":0.44} 
[2021-06-25 18:54:55] production.DEBUG: select * from `users` where `id` = ? limit 1 {"params":[1],"time":5.37} 
[2021-06-25 18:54:55] production.DEBUG: select * from `users` where `id` = ? limit 1 {"params":[1],"time":4.45} 
[2021-06-25 18:54:55] production.DEBUG: select * from `games` where `games`.`status` = ? order by `created_at` desc limit 10 {"params":[1],"time":0.42} 
[2021-06-25 18:55:11] production.DEBUG: select * from `users` where `id` = ? limit 1 {"params":[1],"time":3.73} 
[2021-06-25 18:55:11] production.DEBUG: select * from `users` where `id` = ? limit 1 {"params":[1],"time":3.9} 
[2021-06-25 19:45:26] production.DEBUG: select * from `users` where `id` = ? limit 1 {"params":[1],"time":31.84} 
[2021-06-25 19:45:26] production.DEBUG: select * from `accounts` where `accounts`.`user_id` in (1) {"params":[],"time":10.18} 
[2021-06-25 19:45:26] production.DEBUG: select * from `social_profiles` where `social_profiles`.`user_id` in (1) {"params":[],"time":0.47} 
[2021-06-25 19:45:26] production.DEBUG: select count(*) as aggregate from `games` where `games`.`status` = ? {"params":[1],"time":0.39} 
[2021-06-25 19:45:26] production.DEBUG: select * from `games` where `games`.`status` = ? and `games`.`win` > ? order by `id` desc limit 1 {"params":[1,"games.bet"],"time":12.77} 
[2021-06-25 19:45:27] production.DEBUG: select * from `users` where `id` = ? limit 1 {"params":[1],"time":3.41} 
[2021-06-25 19:45:27] production.DEBUG: select * from `users` where `id` = ? limit 1 {"params":[1],"time":4.49} 
[2021-06-25 19:45:27] production.DEBUG: select * from `games` where `games`.`status` = ? order by `created_at` desc limit 10 {"params":[1],"time":16.75} 
