[2021-06-27 00:26:01] production.DEBUG: select * from information_schema.tables where table_schema = ? and table_name = ? and table_type = 'BASE TABLE' {"params":["forge","migrations"],"time":35.64} 
[2021-06-27 00:26:01] production.DEBUG: select * from information_schema.tables where table_schema = ? and table_name = ? and table_type = 'BASE TABLE' {"params":["forge","migrations"],"time":0.63} 
[2021-06-27 00:26:02] production.DEBUG: select `migration` from `migrations` order by `batch` asc, `migration` asc {"params":[],"time":46.99} 
[2021-06-27 00:26:02] production.DEBUG: select `migration` from `migrations` order by `batch` asc, `migration` asc {"params":[],"time":1.5} 
[2021-06-27 00:29:19] production.ERROR: The "-p" option does not exist. {"exception":"[object] (Symfony\\Component\\Console\\Exception\\RuntimeException(code: 0): The \"-p\" option does not exist. at E:\\my working files\\Laravel\\codecanyon-sYfiw0lg-stake-online-casino-gaming-platform-single-page-application\\vendor\\symfony\\console\\Input\\ArgvInput.php:115)
[stacktrace]
#0 E:\\my working files\\Laravel\\codecanyon-sYfiw0lg-stake-online-casino-gaming-platform-single-page-application\\vendor\\symfony\\console\\Input\\ArgvInput.php(97): Symfony\\Component\\Console\\Input\\ArgvInput->parseShortOptionSet('port=8001')
#1 E:\\my working files\\Laravel\\codecanyon-sYfiw0lg-stake-online-casino-gaming-platform-single-page-application\\vendor\\symfony\\console\\Input\\ArgvInput.php(78): Symfony\\Component\\Console\\Input\\ArgvInput->parseShortOption('-port=8001')
#2 E:\\my working files\\Laravel\\codecanyon-sYfiw0lg-stake-online-casino-gaming-platform-single-page-application\\vendor\\symfony\\console\\Input\\Input.php(55): Symfony\\Component\\Console\\Input\\ArgvInput->parse()
#3 E:\\my working files\\Laravel\\codecanyon-sYfiw0lg-stake-online-casino-gaming-platform-single-page-application\\vendor\\symfony\\console\\Command\\Command.php(215): Symfony\\Component\\Console\\Input\\Input->bind(Object(Symfony\\Component\\Console\\Input\\InputDefinition))
#4 E:\\my working files\\Laravel\\codecanyon-sYfiw0lg-stake-online-casino-gaming-platform-single-page-application\\vendor\\laravel\\framework\\src\\Illuminate\\Console\\Command.php(121): Symfony\\Component\\Console\\Command\\Command->run(Object(Symfony\\Component\\Console\\Input\\ArgvInput), Object(Illuminate\\Console\\OutputStyle))
#5 E:\\my working files\\Laravel\\codecanyon-sYfiw0lg-stake-online-casino-gaming-platform-single-page-application\\vendor\\symfony\\console\\Application.php(971): Illuminate\\Console\\Command->run(Object(Symfony\\Component\\Console\\Input\\ArgvInput), Object(Symfony\\Component\\Console\\Output\\ConsoleOutput))
#6 E:\\my working files\\Laravel\\codecanyon-sYfiw0lg-stake-online-casino-gaming-platform-single-page-application\\vendor\\symfony\\console\\Application.php(290): Symfony\\Component\\Console\\Application->doRunCommand(Object(Illuminate\\Foundation\\Console\\ServeCommand), Object(Symfony\\Component\\Console\\Input\\ArgvInput), Object(Symfony\\Component\\Console\\Output\\ConsoleOutput))
#7 E:\\my working files\\Laravel\\codecanyon-sYfiw0lg-stake-online-casino-gaming-platform-single-page-application\\vendor\\symfony\\console\\Application.php(166): Symfony\\Component\\Console\\Application->doRun(Object(Symfony\\Component\\Console\\Input\\ArgvInput), Object(Symfony\\Component\\Console\\Output\\ConsoleOutput))
#8 E:\\my working files\\Laravel\\codecanyon-sYfiw0lg-stake-online-casino-gaming-platform-single-page-application\\vendor\\laravel\\framework\\src\\Illuminate\\Console\\Application.php(93): Symfony\\Component\\Console\\Application->run(Object(Symfony\\Component\\Console\\Input\\ArgvInput), Object(Symfony\\Component\\Console\\Output\\ConsoleOutput))
#9 E:\\my working files\\Laravel\\codecanyon-sYfiw0lg-stake-online-casino-gaming-platform-single-page-application\\vendor\\laravel\\framework\\src\\Illuminate\\Foundation\\Console\\Kernel.php(129): Illuminate\\Console\\Application->run(Object(Symfony\\Component\\Console\\Input\\ArgvInput), Object(Symfony\\Component\\Console\\Output\\ConsoleOutput))
#10 E:\\my working files\\Laravel\\codecanyon-sYfiw0lg-stake-online-casino-gaming-platform-single-page-application\\artisan(37): Illuminate\\Foundation\\Console\\Kernel->handle(Object(Symfony\\Component\\Console\\Input\\ArgvInput), Object(Symfony\\Component\\Console\\Output\\ConsoleOutput))
#11 {main}
"} 
[2021-06-27 00:48:06] production.DEBUG: select * from information_schema.tables where table_schema = ? and table_name = ? and table_type = 'BASE TABLE' {"params":["forge","migrations"],"time":6.58} 
[2021-06-27 00:48:06] production.DEBUG: select * from information_schema.tables where table_schema = ? and table_name = ? and table_type = 'BASE TABLE' {"params":["forge","migrations"],"time":0.64} 
[2021-06-27 00:48:06] production.DEBUG: select `migration` from `migrations` order by `batch` asc, `migration` asc {"params":[],"time":0.52} 
[2021-06-27 00:48:06] production.DEBUG: select `migration` from `migrations` order by `batch` asc, `migration` asc {"params":[],"time":0.48} 
[2021-06-27 00:59:36] production.DEBUG: select * from information_schema.tables where table_schema = ? and table_name = ? and table_type = 'BASE TABLE' {"params":["forge","migrations"],"time":7.06} 
[2021-06-27 00:59:36] production.DEBUG: select * from information_schema.tables where table_schema = ? and table_name = ? and table_type = 'BASE TABLE' {"params":["forge","migrations"],"time":0.62} 
[2021-06-27 00:59:36] production.DEBUG: select `migration` from `migrations` order by `batch` asc, `migration` asc {"params":[],"time":0.57} 
[2021-06-27 00:59:36] production.DEBUG: select `migration` from `migrations` order by `batch` asc, `migration` asc {"params":[],"time":0.42} 
[2021-06-27 01:00:24] production.DEBUG: select * from information_schema.tables where table_schema = ? and table_name = ? and table_type = 'BASE TABLE' {"params":["forge","migrations"],"time":6.27} 
[2021-06-27 01:00:24] production.DEBUG: create table `migrations` (`id` int unsigned not null auto_increment primary key, `migration` varchar(255) not null, `batch` int not null) default character set utf8 collate 'utf8_unicode_ci' engine = InnoDB {"params":[],"time":288.43} 
[2021-06-27 01:00:24] production.DEBUG: select * from information_schema.tables where table_schema = ? and table_name = ? and table_type = 'BASE TABLE' {"params":["forge","migrations"],"time":2.84} 
[2021-06-27 01:00:24] production.DEBUG: select `migration` from `migrations` order by `batch` asc, `migration` asc {"params":[],"time":0.78} 
[2021-06-27 01:00:24] production.DEBUG: select `migration` from `migrations` order by `batch` asc, `migration` asc {"params":[],"time":0.65} 
[2021-06-27 01:00:24] production.DEBUG: select max(`batch`) as aggregate from `migrations` {"params":[],"time":0.5} 
[2021-06-27 01:00:25] production.DEBUG: create table `users` (`id` bigint unsigned not null auto_increment primary key, `referrer_id` bigint unsigned null, `name` varchar(100) not null, `email` varchar(255) not null, `role` tinyint unsigned not null, `status` tinyint unsigned not null, `avatar` varchar(100) null, `password` varchar(255) not null, `remember_token` varchar(100) null, `totp_secret` varchar(300) null, `last_login_from` varchar(45) null, `last_login_at` datetime null, `email_verified_at` timestamp null, `created_at` timestamp null, `updated_at` timestamp null) default character set utf8 collate 'utf8_unicode_ci' engine = InnoDB {"params":[],"time":377.17} 
[2021-06-27 01:00:25] production.DEBUG: alter table `users` add index `users_role_index`(`role`) {"params":[],"time":644.86} 
[2021-06-27 01:00:26] production.DEBUG: alter table `users` add index `users_status_index`(`status`) {"params":[],"time":424.64} 
[2021-06-27 01:00:28] production.DEBUG: alter table `users` add constraint `users_referrer_id_foreign` foreign key (`referrer_id`) references `users` (`id`) on delete cascade on update cascade {"params":[],"time":1996.47} 
[2021-06-27 01:00:28] production.DEBUG: alter table `users` add unique `users_name_unique`(`name`) {"params":[],"time":343.04} 
[2021-06-27 01:00:29] production.DEBUG: alter table `users` add unique `users_email_unique`(`email`) {"params":[],"time":310.23} 
[2021-06-27 01:00:29] production.DEBUG: insert into `migrations` (`migration`, `batch`) values (?, ?) {"params":["2014_10_12_000000_create_users_table",1],"time":119.25} 
[2021-06-27 01:00:29] production.DEBUG: create table `password_resets` (`email` varchar(255) not null, `token` varchar(255) not null, `created_at` timestamp null) default character set utf8 collate 'utf8_unicode_ci' engine = InnoDB {"params":[],"time":497.84} 
[2021-06-27 01:00:29] production.DEBUG: alter table `password_resets` add index `password_resets_email_index`(`email`) {"params":[],"time":249.54} 
[2021-06-27 01:00:29] production.DEBUG: insert into `migrations` (`migration`, `batch`) values (?, ?) {"params":["2014_10_12_100000_create_password_resets_table",1],"time":40.51} 
[2021-06-27 01:00:30] production.DEBUG: create table `social_profiles` (`id` bigint unsigned not null auto_increment primary key, `user_id` bigint unsigned not null, `provider_name` varchar(50) not null, `provider_user_id` varchar(255) not null, `created_at` timestamp null, `updated_at` timestamp null) default character set utf8 collate 'utf8_unicode_ci' engine = InnoDB {"params":[],"time":315.21} 
[2021-06-27 01:00:32] production.DEBUG: alter table `social_profiles` add constraint `social_profiles_user_id_foreign` foreign key (`user_id`) references `users` (`id`) on delete cascade on update cascade {"params":[],"time":1766.02} 
[2021-06-27 01:00:32] production.DEBUG: alter table `social_profiles` add unique `social_profiles_provider_name_provider_user_id_unique`(`provider_name`, `provider_user_id`) {"params":[],"time":204.64} 
[2021-06-27 01:00:32] production.DEBUG: insert into `migrations` (`migration`, `batch`) values (?, ?) {"params":["2019_10_03_100000_create_social_profiles_table",1],"time":36.42} 
[2021-06-27 01:00:32] production.DEBUG: create table `accounts` (`id` bigint unsigned not null auto_increment primary key, `user_id` bigint unsigned not null, `balance` decimal(20, 2) not null default '0', `created_at` timestamp null, `updated_at` timestamp null) default character set utf8 collate 'utf8_unicode_ci' engine = InnoDB {"params":[],"time":324.74} 
[2021-06-27 01:00:33] production.DEBUG: alter table `accounts` add constraint `accounts_user_id_foreign` foreign key (`user_id`) references `users` (`id`) on delete cascade on update cascade {"params":[],"time":1004.7} 
[2021-06-27 01:00:33] production.DEBUG: insert into `migrations` (`migration`, `batch`) values (?, ?) {"params":["2019_11_01_000000_create_accounts_table",1],"time":175.13} 
[2021-06-27 01:00:34] production.DEBUG: create table `account_transactions` (`id` bigint unsigned not null auto_increment primary key, `account_id` bigint unsigned not null, `amount` decimal(20, 2) not null, `balance` decimal(20, 2) not null, `transactionable_type` varchar(255) not null, `transactionable_id` bigint unsigned not null, `created_at` timestamp null, `updated_at` timestamp null) default character set utf8 collate 'utf8_unicode_ci' engine = InnoDB {"params":[],"time":646.72} 
[2021-06-27 01:00:34] production.DEBUG: alter table `account_transactions` add index `account_transactions_morph`(`transactionable_type`, `transactionable_id`) {"params":[],"time":225.87} 
[2021-06-27 01:00:36] production.DEBUG: alter table `account_transactions` add constraint `account_transactions_account_id_foreign` foreign key (`account_id`) references `accounts` (`id`) on delete cascade on update cascade {"params":[],"time":1397.53} 
[2021-06-27 01:00:36] production.DEBUG: insert into `migrations` (`migration`, `batch`) values (?, ?) {"params":["2019_11_01_000001_create_account_transactions_table",1],"time":50.02} 
[2021-06-27 01:00:36] production.DEBUG: create table `generic_account_transactions` (`id` bigint unsigned not null auto_increment primary key, `account_id` bigint unsigned not null, `type` mediumint unsigned not null, `amount` decimal(20, 2) not null, `created_at` timestamp null, `updated_at` timestamp null) default character set utf8 collate 'utf8_unicode_ci' engine = InnoDB {"params":[],"time":466.42} 
[2021-06-27 01:00:36] production.DEBUG: alter table `generic_account_transactions` add index `generic_account_transactions_type_index`(`type`) {"params":[],"time":266.14} 
[2021-06-27 01:00:38] production.DEBUG: alter table `generic_account_transactions` add constraint `generic_account_transactions_account_id_foreign` foreign key (`account_id`) references `accounts` (`id`) on delete cascade on update cascade {"params":[],"time":1598.42} 
[2021-06-27 01:00:38] production.DEBUG: insert into `migrations` (`migration`, `batch`) values (?, ?) {"params":["2019_11_01_000002_create_generic_account_transactions_table",1],"time":33.59} 
[2021-06-27 01:00:38] production.DEBUG: create table `provably_fair_games` (`id` bigint unsigned not null auto_increment primary key, `secret` varchar(500) not null, `server_seed` varchar(32) not null, `hash` varchar(64) not null, `client_seed` varchar(32) not null, `gameable_type` varchar(255) not null, `created_at` timestamp null, `updated_at` timestamp null) default character set utf8 collate 'utf8_unicode_ci' engine = InnoDB {"params":[],"time":506.87} 
[2021-06-27 01:00:39] production.DEBUG: alter table `provably_fair_games` add unique `provably_fair_games_hash_gameable_type_unique`(`hash`, `gameable_type`) {"params":[],"time":285.84} 
[2021-06-27 01:00:39] production.DEBUG: alter table `provably_fair_games` add index `provably_fair_games_created_at_index`(`created_at`) {"params":[],"time":622.56} 
[2021-06-27 01:00:39] production.DEBUG: insert into `migrations` (`migration`, `batch`) values (?, ?) {"params":["2019_11_02_000000_create_provably_fair_games_table",1],"time":90.51} 
[2021-06-27 01:00:40] production.DEBUG: create table `games` (`id` bigint unsigned not null auto_increment primary key, `account_id` bigint unsigned not null, `provably_fair_game_id` bigint unsigned not null, `gameable_type` varchar(255) not null, `gameable_id` bigint unsigned not null, `bet` decimal(16, 2) not null, `win` decimal(16, 2) not null, `status` tinyint not null, `created_at` timestamp null, `updated_at` timestamp null) default character set utf8 collate 'utf8_unicode_ci' engine = InnoDB {"params":[],"time":187.96} 
[2021-06-27 01:00:40] production.DEBUG: alter table `games` add index `game_morph`(`gameable_type`, `gameable_id`) {"params":[],"time":297.31} 
[2021-06-27 01:00:41] production.DEBUG: alter table `games` add index `games_status_index`(`status`) {"params":[],"time":543.9} 
[2021-06-27 01:00:41] production.DEBUG: alter table `games` add index `games_win_index`(`win`) {"params":[],"time":208.39} 
[2021-06-27 01:00:41] production.DEBUG: alter table `games` add index `games_created_at_index`(`created_at`) {"params":[],"time":292.06} 
[2021-06-27 01:00:43] production.DEBUG: alter table `games` add constraint `games_account_id_foreign` foreign key (`account_id`) references `accounts` (`id`) on delete cascade on update cascade {"params":[],"time":2014.54} 
[2021-06-27 01:00:45] production.DEBUG: alter table `games` add constraint `games_provably_fair_game_id_foreign` foreign key (`provably_fair_game_id`) references `provably_fair_games` (`id`) on delete cascade on update cascade {"params":[],"time":2407.43} 
[2021-06-27 01:00:45] production.DEBUG: insert into `migrations` (`migration`, `batch`) values (?, ?) {"params":["2019_11_02_000001_create_games_table",1],"time":58.65} 
[2021-06-27 01:00:46] production.DEBUG: create table `games_baccarat` (`id` bigint unsigned not null auto_increment primary key, `deck` varchar(280) not null, `bet_type` tinyint unsigned not null, `player_hand` varchar(30) not null, `player_score` tinyint unsigned not null, `banker_hand` varchar(30) not null, `banker_score` tinyint unsigned not null, `created_at` timestamp null, `updated_at` timestamp null) default character set utf8 collate 'utf8_unicode_ci' engine = InnoDB {"params":[],"time":347.06} 
[2021-06-27 01:00:46] production.DEBUG: insert into `migrations` (`migration`, `batch`) values (?, ?) {"params":["2019_11_03_000000_create_games_baccarat_table",1],"time":57.46} 
[2021-06-27 01:00:46] production.DEBUG: create table `bonuses` (`id` bigint unsigned not null auto_increment primary key, `account_id` bigint unsigned not null, `type` tinyint unsigned not null, `amount` decimal(20, 2) not null, `created_at` timestamp null, `updated_at` timestamp null) default character set utf8 collate 'utf8_unicode_ci' engine = InnoDB {"params":[],"time":372.24} 
[2021-06-27 01:00:49] production.DEBUG: alter table `bonuses` add constraint `bonuses_account_id_foreign` foreign key (`account_id`) references `accounts` (`id`) on delete cascade on update cascade {"params":[],"time":3023.3} 
[2021-06-27 01:00:49] production.DEBUG: insert into `migrations` (`migration`, `batch`) values (?, ?) {"params":["2019_12_01_000000_create_bonuses_table",1],"time":32.99} 
[2021-06-27 01:00:50] production.DEBUG: create table `affiliate_commissions` (`id` bigint unsigned not null auto_increment primary key, `account_id` bigint unsigned not null, `referral_account_id` bigint unsigned not null, `tier` tinyint unsigned not null, `type` tinyint unsigned not null, `status` tinyint unsigned not null, `amount` decimal(20, 2) not null, `commissionable_type` varchar(255) not null, `commissionable_id` bigint unsigned not null, `ip` varchar(45) not null, `created_at` timestamp null, `updated_at` timestamp null) default character set utf8 collate 'utf8_unicode_ci' engine = InnoDB {"params":[],"time":1056.57} 
[2021-06-27 01:00:51] production.DEBUG: alter table `affiliate_commissions` add index `affiliate_commission_morph`(`commissionable_type`, `commissionable_id`) {"params":[],"time":435.19} 
[2021-06-27 01:00:53] production.DEBUG: alter table `affiliate_commissions` add constraint `affiliate_commissions_account_id_foreign` foreign key (`account_id`) references `accounts` (`id`) on delete cascade on update cascade {"params":[],"time":2010.26} 
[2021-06-27 01:00:55] production.DEBUG: alter table `affiliate_commissions` add constraint `affiliate_commissions_referral_account_id_foreign` foreign key (`referral_account_id`) references `accounts` (`id`) on delete cascade on update cascade {"params":[],"time":2445.1} 
[2021-06-27 01:00:55] production.DEBUG: insert into `migrations` (`migration`, `batch`) values (?, ?) {"params":["2020_01_01_000000_create_affiliate_commissions_table",1],"time":83.6} 
[2021-06-27 01:00:56] production.DEBUG: create table `chat_rooms` (`id` bigint unsigned not null auto_increment primary key, `name` varchar(50) not null, `enabled` tinyint(1) not null default '1', `created_at` timestamp null, `updated_at` timestamp null) default character set utf8 collate 'utf8_unicode_ci' engine = InnoDB {"params":[],"time":630.52} 
[2021-06-27 01:00:56] production.DEBUG: alter table `chat_rooms` add index `chat_rooms_enabled_index`(`enabled`) {"params":[],"time":375.08} 
[2021-06-27 01:00:56] production.DEBUG: insert into `migrations` (`migration`, `batch`) values (?, ?) {"params":["2020_01_20_000000_create_chat_rooms_table",1],"time":40.58} 
[2021-06-27 01:00:57] production.DEBUG: create table `chat_messages` (`id` bigint unsigned not null auto_increment primary key, `room_id` bigint unsigned not null, `user_id` bigint unsigned not null, `message` text not null, `created_at` timestamp null, `updated_at` timestamp null) default character set utf8 collate 'utf8_unicode_ci' engine = InnoDB {"params":[],"time":640.89} 
[2021-06-27 01:00:59] production.DEBUG: alter table `chat_messages` add constraint `chat_messages_room_id_foreign` foreign key (`room_id`) references `chat_rooms` (`id`) on delete cascade on update cascade {"params":[],"time":2331.34} 
[2021-06-27 01:01:01] production.DEBUG: alter table `chat_messages` add constraint `chat_messages_user_id_foreign` foreign key (`user_id`) references `users` (`id`) on delete cascade on update cascade {"params":[],"time":1941.4} 
[2021-06-27 01:01:02] production.DEBUG: insert into `migrations` (`migration`, `batch`) values (?, ?) {"params":["2020_01_20_000010_create_chat_messages_table",1],"time":183.57} 
[2021-06-27 01:01:02] production.DEBUG: create table `chat_message_recipients` (`id` bigint unsigned not null auto_increment primary key, `message_id` bigint unsigned not null, `user_id` bigint unsigned not null, `created_at` timestamp null, `updated_at` timestamp null) default character set utf8 collate 'utf8_unicode_ci' engine = InnoDB {"params":[],"time":547.78} 
[2021-06-27 01:01:04] production.DEBUG: alter table `chat_message_recipients` add constraint `chat_message_recipients_message_id_foreign` foreign key (`message_id`) references `chat_messages` (`id`) on delete cascade on update cascade {"params":[],"time":2181.09} 
[2021-06-27 01:01:06] production.DEBUG: alter table `chat_message_recipients` add constraint `chat_message_recipients_user_id_foreign` foreign key (`user_id`) references `users` (`id`) on delete cascade on update cascade {"params":[],"time":1375.15} 
[2021-06-27 01:01:06] production.DEBUG: alter table `chat_message_recipients` add unique `chat_message_recipients_message_id_user_id_unique`(`message_id`, `user_id`) {"params":[],"time":287.22} 
[2021-06-27 01:01:06] production.DEBUG: insert into `migrations` (`migration`, `batch`) values (?, ?) {"params":["2020_01_20_000020_create_chat_message_recipients",1],"time":70.14} 
[2021-06-27 01:01:06] production.DEBUG: alter table `users` add `banned_from_chat` tinyint(1) not null default '0' after `status` {"params":[],"time":292.18} 
[2021-06-27 01:01:06] production.DEBUG: insert into `migrations` (`migration`, `batch`) values (?, ?) {"params":["2020_01_22_063133_alter_users_table_add_banned_from_chat",1],"time":73.16} 
[2021-06-27 01:01:07] production.DEBUG: create table `game_rooms` (`id` bigint unsigned not null auto_increment primary key, `user_id` bigint unsigned not null, `name` varchar(50) not null, `gameable_type` varchar(255) not null, `status` tinyint unsigned not null, `parameters` text not null, `created_at` timestamp null, `updated_at` timestamp null) default character set utf8 collate 'utf8_unicode_ci' engine = InnoDB {"params":[],"time":397.17} 
[2021-06-27 01:01:09] production.DEBUG: alter table `game_rooms` add constraint `game_rooms_user_id_foreign` foreign key (`user_id`) references `users` (`id`) on delete cascade on update cascade {"params":[],"time":1757.57} 
[2021-06-27 01:01:09] production.DEBUG: alter table `game_rooms` add index `game_rooms_gameable_type_status_index`(`gameable_type`, `status`) {"params":[],"time":276.13} 
[2021-06-27 01:01:09] production.DEBUG: insert into `migrations` (`migration`, `batch`) values (?, ?) {"params":["2020_04_20_000001_create_game_rooms_table",1],"time":128.95} 
[2021-06-27 01:01:10] production.DEBUG: create table `game_room_players` (`id` bigint unsigned not null auto_increment primary key, `game_room_id` bigint unsigned not null, `user_id` bigint unsigned not null, `game_id` bigint unsigned null, `created_at` timestamp null, `updated_at` timestamp null) default character set utf8 collate 'utf8_unicode_ci' engine = InnoDB {"params":[],"time":1018.7} 
[2021-06-27 01:01:11] production.DEBUG: alter table `game_room_players` add constraint `game_room_players_game_room_id_foreign` foreign key (`game_room_id`) references `game_rooms` (`id`) on delete cascade on update cascade {"params":[],"time":1449.0} 
[2021-06-27 01:01:13] production.DEBUG: alter table `game_room_players` add constraint `game_room_players_user_id_foreign` foreign key (`user_id`) references `users` (`id`) on delete cascade on update cascade {"params":[],"time":1141.42} 
[2021-06-27 01:01:14] production.DEBUG: alter table `game_room_players` add constraint `game_room_players_game_id_foreign` foreign key (`game_id`) references `games` (`id`) on delete cascade on update cascade {"params":[],"time":1474.95} 
[2021-06-27 01:01:15] production.DEBUG: alter table `game_room_players` add unique `game_room_players_game_room_id_user_id_unique`(`game_room_id`, `user_id`) {"params":[],"time":941.87} 
[2021-06-27 01:01:15] production.DEBUG: insert into `migrations` (`migration`, `batch`) values (?, ?) {"params":["2020_04_20_000010_create_game_room_players_table",1],"time":111.38} 
[2021-06-27 01:01:15] production.DEBUG: alter table `users` add `hide_profit` tinyint(1) not null default '0' after `status` {"params":[],"time":120.69} 
[2021-06-27 01:01:15] production.DEBUG: insert into `migrations` (`migration`, `batch`) values (?, ?) {"params":["2020_06_24_064200_alter_users_table_add_hide_profit",1],"time":48.16} 
[2021-06-27 01:01:16] production.DEBUG: alter table `users` add `last_seen_at` timestamp null {"params":[],"time":423.17} 
[2021-06-27 01:01:16] production.DEBUG: alter table `users` add index `users_last_seen_at_index`(`last_seen_at`) {"params":[],"time":186.7} 
[2021-06-27 01:01:16] production.DEBUG: insert into `migrations` (`migration`, `batch`) values (?, ?) {"params":["2021_02_16_122027_alter_users_table_add_last_seen_at",1],"time":36.55} 
[2021-06-27 01:01:16] production.DEBUG: alter table `users` add `permissions` text null after `avatar` {"params":[],"time":58.37} 
[2021-06-27 01:01:16] production.DEBUG: insert into `migrations` (`migration`, `batch`) values (?, ?) {"params":["2021_03_24_135447_alter_users_table_add_permissions",1],"time":47.92} 
[2021-06-27 01:01:17] production.DEBUG: create table `multiplayer_games` (`id` bigint unsigned not null auto_increment primary key, `provably_fair_game_id` bigint unsigned not null, `gameable_type` varchar(255) not null, `gameable_id` bigint unsigned not null, `start_time` datetime not null, `end_time` datetime not null, `created_at` timestamp null, `updated_at` timestamp null) default character set utf8 collate 'utf8_unicode_ci' engine = InnoDB {"params":[],"time":616.35} 
[2021-06-27 01:01:18] production.DEBUG: alter table `multiplayer_games` add constraint `multiplayer_games_provably_fair_game_id_foreign` foreign key (`provably_fair_game_id`) references `provably_fair_games` (`id`) on delete cascade on update cascade {"params":[],"time":1770.71} 
[2021-06-27 01:01:19] production.DEBUG: alter table `multiplayer_games` add index `multiplayer_games_gameable_type_gameable_id_index`(`gameable_type`, `gameable_id`) {"params":[],"time":247.52} 
[2021-06-27 01:01:19] production.DEBUG: alter table `multiplayer_games` add index `multiplayer_games_end_time_index`(`end_time`) {"params":[],"time":684.09} 
[2021-06-27 01:01:19] production.DEBUG: insert into `migrations` (`migration`, `batch`) values (?, ?) {"params":["2021_04_20_000000_create_multiplayer_games_table",1],"time":34.57} 
[2021-06-27 01:14:49] production.DEBUG: select * from information_schema.tables where table_schema = ? and table_name = ? and table_type = 'BASE TABLE' {"params":["forge","migrations"],"time":7.0} 
[2021-06-27 01:14:49] production.DEBUG: select * from information_schema.tables where table_schema = ? and table_name = ? and table_type = 'BASE TABLE' {"params":["forge","migrations"],"time":0.68} 
[2021-06-27 01:14:49] production.DEBUG: select `migration` from `migrations` order by `batch` asc, `migration` asc {"params":[],"time":0.57} 
[2021-06-27 01:14:49] production.DEBUG: select `migration` from `migrations` order by `batch` asc, `migration` asc {"params":[],"time":0.49} 
[2021-06-27 01:17:03] production.DEBUG: select count(*) as aggregate from `games` where `games`.`status` = ? {"params":[1],"time":34.35} 
[2021-06-27 01:17:03] production.DEBUG: select * from `games` where `games`.`status` = ? and `games`.`win` > ? order by `id` desc limit 1 {"params":[1,"games.bet"],"time":10.5} 
[2021-06-27 01:18:18] production.DEBUG: select * from `users` where `email` = ? and `status` = ? limit 1 {"params":["qa.webdeveloperteam20210325@gmail.com",0],"time":30.79} 
[2021-06-27 01:18:40] production.DEBUG: select count(*) as aggregate from `users` where `name` = ? {"params":["Marya Ushakova"],"time":3.98} 
[2021-06-27 01:18:40] production.DEBUG: select count(*) as aggregate from `users` where `email` = ? {"params":["qa.webdeveloperteam20210325@gmail.com"],"time":0.43} 
[2021-06-27 01:18:40] production.INFO: New user "Marya Ushakova" with email "qa.webdeveloperteam20210325@gmail.com"  
[2021-06-27 01:18:40] production.DEBUG: insert into `users` (`referrer_id`, `name`, `email`, `role`, `password`, `status`, `email_verified_at`, `last_login_at`, `last_login_from`, `updated_at`, `created_at`) values (?, ?, ?, ?, ?, ?, ?, ?, ?, ?, ?) {"params":[null,"Marya Ushakova","qa.webdeveloperteam20210325@gmail.com",1,"$2y$10$boYHXetS0ASFbTghA.hUEuGwqG9MmstOOan4boReJJOnNXwV/hLAG",0,null,"2021-06-27 01:18:40","127.0.0.1","2021-06-27 01:18:40","2021-06-27 01:18:40"],"time":82.33} 
[2021-06-27 01:18:40] production.DEBUG: insert into `accounts` (`user_id`, `updated_at`, `created_at`) values (?, ?, ?) {"params":[1,"2021-06-27 01:18:40","2021-06-27 01:18:40"],"time":111.32} 
[2021-06-27 01:18:40] production.DEBUG: select * from `accounts` where `accounts`.`user_id` = ? and `accounts`.`user_id` is not null limit 1 {"params":[1],"time":0.69} 
[2021-06-27 01:18:40] production.DEBUG: select * from `users` where `users`.`id` = ? limit 1 {"params":[1],"time":0.63} 
[2021-06-27 01:18:40] production.DEBUG: insert into `bonuses` (`account_id`, `type`, `amount`, `updated_at`, `created_at`) values (?, ?, ?, ?, ?) {"params":[1,1,1000.0,"2021-06-27 01:18:40","2021-06-27 01:18:40"],"time":55.05} 
[2021-06-27 01:18:40] production.DEBUG: update `accounts` set `balance` = `balance` + 1000, `accounts`.`updated_at` = ? where `id` = ? {"params":["2021-06-27 01:18:40",1],"time":0.81} 
[2021-06-27 01:18:40] production.DEBUG: insert into `account_transactions` (`account_id`, `amount`, `balance`, `transactionable_id`, `transactionable_type`, `updated_at`, `created_at`) values (?, ?, ?, ?, ?, ?, ?) {"params":[1,1000.0,1000.0,1,"App\\Models\\Bonus","2021-06-27 01:18:40","2021-06-27 01:18:40"],"time":38.82} 
[2021-06-27 01:18:40] production.DEBUG: select * from `social_profiles` where `social_profiles`.`user_id` in (1) {"params":[],"time":0.54} 
[2021-06-27 01:18:41] production.DEBUG: select * from `users` where `id` = ? limit 1 {"params":[1],"time":30.04} 
[2021-06-27 01:18:41] production.DEBUG: select * from `users` where `id` = ? limit 1 {"params":[1],"time":4.72} 
[2021-06-27 01:18:41] production.DEBUG: select * from `games` where `games`.`status` = ? order by `created_at` desc limit 10 {"params":[1],"time":51.0} 
[2021-06-27 01:48:03] production.DEBUG: select * from `users` where `id` = ? limit 1 {"params":[1],"time":5.38} 
[2021-06-27 01:48:03] production.DEBUG: select * from `users` where `id` = ? limit 1 {"params":[1],"time":4.06} 
[2021-06-27 01:48:03] production.DEBUG: select * from `games` where `games`.`status` = ? order by `created_at` desc limit 10 {"params":[1],"time":0.5} 
[2021-06-27 01:50:32] production.DEBUG: select * from `users` where `id` = ? limit 1 {"params":[1],"time":5.16} 
[2021-06-27 01:50:32] production.DEBUG: select * from `accounts` where `accounts`.`user_id` in (1) {"params":[],"time":0.58} 
[2021-06-27 01:50:32] production.DEBUG: select * from `social_profiles` where `social_profiles`.`user_id` in (1) {"params":[],"time":0.44} 
[2021-06-27 01:50:32] production.DEBUG: select count(*) as aggregate from `games` where `games`.`status` = ? {"params":[1],"time":0.49} 
[2021-06-27 01:50:32] production.DEBUG: select * from `games` where `games`.`status` = ? and `games`.`win` > ? order by `id` desc limit 1 {"params":[1,"games.bet"],"time":0.5} 
[2021-06-27 01:50:34] production.DEBUG: select * from `users` where `id` = ? limit 1 {"params":[1],"time":4.37} 
[2021-06-27 01:50:34] production.DEBUG: select * from `users` where `id` = ? limit 1 {"params":[1],"time":22.54} 
[2021-06-27 01:50:34] production.DEBUG: select * from `games` where `games`.`status` = ? order by `created_at` desc limit 10 {"params":[1],"time":0.5} 
[2021-06-27 01:51:43] production.DEBUG: select * from `users` where `id` = ? limit 1 {"params":[1],"time":21.06} 
[2021-06-27 01:51:43] production.DEBUG: select * from `accounts` where `accounts`.`user_id` in (1) {"params":[],"time":0.62} 
[2021-06-27 01:51:43] production.DEBUG: select * from `social_profiles` where `social_profiles`.`user_id` in (1) {"params":[],"time":0.48} 
[2021-06-27 01:51:43] production.DEBUG: select count(*) as aggregate from `games` where `games`.`status` = ? {"params":[1],"time":0.47} 
[2021-06-27 01:51:43] production.DEBUG: select * from `games` where `games`.`status` = ? and `games`.`win` > ? order by `id` desc limit 1 {"params":[1,"games.bet"],"time":0.49} 
[2021-06-27 01:51:44] production.DEBUG: select * from `users` where `id` = ? limit 1 {"params":[1],"time":3.95} 
[2021-06-27 01:51:44] production.DEBUG: select * from `users` where `id` = ? limit 1 {"params":[1],"time":4.26} 
[2021-06-27 01:51:45] production.DEBUG: select * from `games` where `games`.`status` = ? order by `created_at` desc limit 10 {"params":[1],"time":0.46} 
