[2021-06-26 04:43:11] production.DEBUG: select count(*) as aggregate from `games` where `games`.`status` = ? {"params":[1],"time":6.81} 
[2021-06-26 04:43:11] production.DEBUG: select * from `games` where `games`.`status` = ? and `games`.`win` > ? order by `id` desc limit 1 {"params":[1,"games.bet"],"time":0.72} 
[2021-06-26 04:43:22] production.DEBUG: select * from `users` where `email` = ? and `status` = ? limit 1 {"params":["qa.webdeveloperteam20210325@gmail.com",0],"time":53.79} 
[2021-06-26 04:43:22] production.DEBUG: update `users` set `last_login_at` = ?, `users`.`updated_at` = ? where `id` = ? {"params":["2021-06-26 04:43:22","2021-06-26 04:43:22",1],"time":112.24} 
[2021-06-26 04:43:22] production.DEBUG: select * from `accounts` where `accounts`.`user_id` = ? and `accounts`.`user_id` is not null limit 1 {"params":[1],"time":0.72} 
[2021-06-26 04:43:22] production.DEBUG: select * from `social_profiles` where `social_profiles`.`user_id` in (1) {"params":[],"time":0.52} 
[2021-06-26 04:43:22] production.DEBUG: select * from `users` where `id` = ? limit 1 {"params":[1],"time":4.74} 
[2021-06-26 04:43:23] production.DEBUG: select * from `users` where `id` = ? limit 1 {"params":[1],"time":4.16} 
[2021-06-26 04:43:23] production.DEBUG: select * from `games` where `games`.`status` = ? order by `created_at` desc limit 10 {"params":[1],"time":0.5} 
[2021-06-26 04:43:55] production.DEBUG: select * from `users` where `id` = ? limit 1 {"params":[1],"time":20.76} 
[2021-06-26 04:43:55] production.DEBUG: select * from `accounts` where `accounts`.`user_id` in (1) {"params":[],"time":0.8} 
[2021-06-26 04:43:55] production.DEBUG: select * from `social_profiles` where `social_profiles`.`user_id` in (1) {"params":[],"time":0.55} 
[2021-06-26 04:43:55] production.DEBUG: select count(*) as aggregate from `games` where `games`.`status` = ? {"params":[1],"time":0.56} 
[2021-06-26 04:43:55] production.DEBUG: select * from `games` where `games`.`status` = ? and `games`.`win` > ? order by `id` desc limit 1 {"params":[1,"games.bet"],"time":0.56} 
[2021-06-26 04:43:56] production.DEBUG: select * from `users` where `id` = ? limit 1 {"params":[1],"time":3.79} 
[2021-06-26 04:43:56] production.DEBUG: select * from `users` where `id` = ? limit 1 {"params":[1],"time":3.1} 
[2021-06-26 04:43:56] production.DEBUG: select * from `games` where `games`.`status` = ? order by `created_at` desc limit 10 {"params":[1],"time":0.68} 
[2021-06-26 04:46:54] production.DEBUG: select * from `users` where `id` = ? limit 1 {"params":[1],"time":20.85} 
[2021-06-26 04:46:54] production.DEBUG: select * from `users` where `id` = ? limit 1 {"params":[1],"time":4.37} 
[2021-06-26 04:47:39] production.DEBUG: select * from `users` where `id` = ? limit 1 {"params":[1],"time":4.0} 
[2021-06-26 04:47:43] production.DEBUG: select * from `users` where `id` = ? limit 1 {"params":[1],"time":18.47} 
[2021-06-26 04:47:48] production.DEBUG: select * from `users` where `id` = ? limit 1 {"params":[1],"time":20.69} 
[2021-06-26 04:56:19] production.DEBUG: select * from `users` where `id` = ? limit 1 {"params":[1],"time":5.88} 
[2021-06-26 04:56:20] production.DEBUG: select * from `users` where `id` = ? limit 1 {"params":[1],"time":4.06} 
[2021-06-26 04:56:20] production.DEBUG: select * from `games` where `games`.`status` = ? order by `created_at` desc limit 10 {"params":[1],"time":0.47} 
[2021-06-26 04:58:54] production.DEBUG: select * from `users` where `id` = ? limit 1 {"params":[1],"time":17.72} 
[2021-06-26 04:58:54] production.DEBUG: select * from `accounts` where `accounts`.`user_id` in (1) {"params":[],"time":0.66} 
[2021-06-26 04:58:54] production.DEBUG: select * from `social_profiles` where `social_profiles`.`user_id` in (1) {"params":[],"time":0.52} 
[2021-06-26 04:58:54] production.DEBUG: select count(*) as aggregate from `games` where `games`.`status` = ? {"params":[1],"time":0.52} 
[2021-06-26 04:58:54] production.DEBUG: select * from `games` where `games`.`status` = ? and `games`.`win` > ? order by `id` desc limit 1 {"params":[1,"games.bet"],"time":0.55} 
[2021-06-26 04:58:55] production.DEBUG: select * from `users` where `id` = ? limit 1 {"params":[1],"time":15.04} 
[2021-06-26 04:58:55] production.DEBUG: select * from `users` where `id` = ? limit 1 {"params":[1],"time":4.75} 
[2021-06-26 04:58:55] production.DEBUG: select * from `games` where `games`.`status` = ? order by `created_at` desc limit 10 {"params":[1],"time":0.53} 
[2021-06-26 04:59:17] production.DEBUG: select * from `users` where `id` = ? limit 1 {"params":[1],"time":18.75} 
[2021-06-26 04:59:17] production.DEBUG: select * from `accounts` where `accounts`.`user_id` in (1) {"params":[],"time":0.63} 
[2021-06-26 04:59:17] production.DEBUG: select * from `social_profiles` where `social_profiles`.`user_id` in (1) {"params":[],"time":0.49} 
[2021-06-26 04:59:17] production.DEBUG: select count(*) as aggregate from `games` where `games`.`status` = ? {"params":[1],"time":0.5} 
[2021-06-26 04:59:17] production.DEBUG: select * from `games` where `games`.`status` = ? and `games`.`win` > ? order by `id` desc limit 1 {"params":[1,"games.bet"],"time":0.52} 
[2021-06-26 04:59:18] production.DEBUG: select * from `users` where `id` = ? limit 1 {"params":[1],"time":4.38} 
[2021-06-26 04:59:18] production.DEBUG: select * from `users` where `id` = ? limit 1 {"params":[1],"time":3.79} 
[2021-06-26 04:59:18] production.DEBUG: select * from `games` where `games`.`status` = ? order by `created_at` desc limit 10 {"params":[1],"time":0.39} 
